2026-07-20 16:56:02 [INFO]: ✅ MongoDB Connected: ac-t3k8yee-shard-00-01.ig2b4pm.mongodb.net 
2026-07-20 16:56:02 [INFO]: 📊 Database: sakibTest 
2026-07-20 16:56:02 [INFO]: ✅ Database connected successfully 
2026-07-20 16:56:02 [INFO]: 🚀 Server running on port 5000 
2026-07-20 16:56:02 [INFO]: 🌍 Environment: development 
2026-07-20 16:56:02 [INFO]: 🔗 API URL: http://localhost:5000/api 
2026-07-20 16:56:12 [ERROR]: ❌ Error: Route /api not found 
2026-07-20 16:56:12 [ERROR]: 📚 Stack: Error: Route /api not found
    at notFoundHandler (C:\project\fast-backend\src\middleware\error.middleware.ts:70:17)
    at Layer.handle [as handle_request] (C:\project\fast-backend\node_modules\express\lib\router\layer.js:95:5)
    at trim_prefix (C:\project\fast-backend\node_modules\express\lib\router\index.js:328:13)
    at C:\project\fast-backend\node_modules\express\lib\router\index.js:286:9
    at router.process_params (C:\project\fast-backend\node_modules\express\lib\router\index.js:346:12)
    at next (C:\project\fast-backend\node_modules\express\lib\router\index.js:280:10)
    at C:\project\fast-backend\node_modules\express-rate-limit\dist\index.cjs:659:7
    at processTicksAndRejections (node:internal/process/task_queues:105:5)
    at async C:\project\fast-backend\node_modules\express-rate-limit\dist\index.cjs:576:5 
2026-07-20 16:56:13 [ERROR]: ❌ Error: Route /favicon.ico not found 
2026-07-20 16:56:13 [ERROR]: 📚 Stack: Error: Route /favicon.ico not found
    at notFoundHandler (C:\project\fast-backend\src\middleware\error.middleware.ts:70:17)
    at Layer.handle [as handle_request] (C:\project\fast-backend\node_modules\express\lib\router\layer.js:95:5)
    at trim_prefix (C:\project\fast-backend\node_modules\express\lib\router\index.js:328:13)
    at C:\project\fast-backend\node_modules\express\lib\router\index.js:286:9
    at router.process_params (C:\project\fast-backend\node_modules\express\lib\router\index.js:346:12)
    at next (C:\project\fast-backend\node_modules\express\lib\router\index.js:280:10)
    at hpp (C:\project\fast-backend\node_modules\hpp\lib\index.js:146:9)
    at Layer.handle [as handle_request] (C:\project\fast-backend\node_modules\express\lib\router\layer.js:95:5)
    at trim_prefix (C:\project\fast-backend\node_modules\express\lib\router\index.js:328:13)
    at C:\project\fast-backend\node_modules\express\lib\router\index.js:286:9 
2026-07-20 16:57:38 [INFO]: ✅ MongoDB Connected: ac-t3k8yee-shard-00-01.ig2b4pm.mongodb.net 
2026-07-20 16:57:38 [INFO]: 📊 Database: sakibTest 
2026-07-20 16:57:38 [INFO]: ✅ Database connected successfully 
2026-07-20 16:57:38 [INFO]: 🚀 Server running on port 5000 
2026-07-20 16:57:38 [INFO]: 🌍 Environment: development 
2026-07-20 16:57:38 [INFO]: 🔗 API URL: http://localhost:5000/api 
2026-07-20 16:58:03 [INFO]: ✅ MongoDB Connected: ac-t3k8yee-shard-00-02.ig2b4pm.mongodb.net 
2026-07-20 16:58:03 [INFO]: 📊 Database: sakibTest 
2026-07-20 16:58:03 [INFO]: ✅ Database connected successfully 
2026-07-20 16:58:03 [INFO]: 🚀 Server running on port 5000 
2026-07-20 16:58:03 [INFO]: 🌍 Environment: development 
2026-07-20 16:58:03 [INFO]: 🔗 API URL: http://localhost:5000/api 
2026-07-20 17:00:10 [INFO]: ✅ MongoDB Connected: ac-t3k8yee-shard-00-02.ig2b4pm.mongodb.net 
2026-07-20 17:00:10 [INFO]: 📊 Database: sakibTest 
2026-07-20 17:00:10 [INFO]: ✅ Database connected successfully 
2026-07-20 17:00:10 [INFO]: 🚀 Server running on port 5000 
2026-07-20 17:00:10 [INFO]: 🌍 Environment: development 
2026-07-20 17:00:10 [INFO]: 🔗 API URL: http://localhost:5000/api 
2026-07-20 17:03:35 [INFO]: ✅ MongoDB Connected: ac-t3k8yee-shard-00-02.ig2b4pm.mongodb.net 
2026-07-20 17:03:35 [INFO]: 📊 Database: sakibTest 
2026-07-20 17:03:35 [INFO]: ✅ Database connected successfully 
2026-07-20 17:03:35 [INFO]: 🚀 Server running on port 5000 
2026-07-20 17:03:35 [INFO]: 🌍 Environment: development 
2026-07-20 17:03:35 [INFO]: 🔗 API URL: http://localhost:5000/api 
2026-07-20 17:03:53 [INFO]: ✅ MongoDB Connected: ac-t3k8yee-shard-00-00.ig2b4pm.mongodb.net 
2026-07-20 17:03:53 [INFO]: 📊 Database: sakibTest 
2026-07-20 17:03:53 [INFO]: 🗄️ Connected to database 
2026-07-20 17:03:53 [INFO]: 🌱 Seeding admin users... 
2026-07-20 17:03:56 [INFO]: ✅ Admin created: admin@fastfeast.com 
2026-07-20 17:03:57 [INFO]: ✅ Admin created: imranshuvo101@gmail.com 
2026-07-20 17:03:58 [INFO]: ✅ Admin created: kanakroy835@gmail.com 
2026-07-20 17:03:58 [INFO]: ✅ Admin created: afrozaakter228@gmail.com 
2026-07-20 17:03:59 [INFO]: ✅ Admin created: mahfujapple95@gmail.com 
2026-07-20 17:04:00 [INFO]: ✅ Admin created: jerinloncheu@gmail.com 
2026-07-20 17:04:01 [INFO]: ✅ Admin created: julkarnainzunayed@gmail.com 
2026-07-20 17:04:02 [INFO]: ✅ Admin created: nipaayasha05@gmail.com 
2026-07-20 17:04:02 [INFO]: 🌱 Seeding demo customers... 
2026-07-20 17:04:03 [INFO]: ✅ Customer created: demo-customer-1@fastfeast.com 
2026-07-20 17:04:04 [INFO]: ✅ Customer created: demo-customer-2@fastfeast.com 
2026-07-20 17:08:38 [ERROR]: ❌ Error: Invalid credentials 
2026-07-20 17:08:38 [ERROR]: 📚 Stack: Error: Invalid credentials
    at C:\project\fast-backend\src\controllers\auth.controller.ts:66:13 
2026-07-20 17:10:18 [INFO]: ✅ MongoDB Connected: ac-t3k8yee-shard-00-02.ig2b4pm.mongodb.net 
2026-07-20 17:10:18 [INFO]: 📊 Database: sakibTest 
2026-07-20 17:10:18 [INFO]: ✅ Database connected successfully 
2026-07-20 17:10:18 [INFO]: 🚀 Server running on port 5000 
2026-07-20 17:10:18 [INFO]: 🌍 Environment: development 
2026-07-20 17:10:18 [INFO]: 🔗 API URL: http://localhost:5000/api 
2026-07-20 17:10:29 [INFO]: ✅ MongoDB Connected: ac-t3k8yee-shard-00-00.ig2b4pm.mongodb.net 
2026-07-20 17:10:29 [INFO]: 📊 Database: sakibTest 
2026-07-20 17:10:29 [INFO]: 🗄️ Connected to database 
2026-07-20 17:10:29 [INFO]: 🌱 Seeding admin users... 
2026-07-20 17:10:31 [INFO]: ⏭️ Admin already exists: admin@fastfeast.com 
2026-07-20 17:10:32 [INFO]: ⏭️ Admin already exists: imranshuvo101@gmail.com 
2026-07-20 17:10:32 [INFO]: ⏭️ Admin already exists: kanakroy835@gmail.com 
2026-07-20 17:10:32 [INFO]: ⏭️ Admin already exists: afrozaakter228@gmail.com 
2026-07-20 17:10:32 [INFO]: ⏭️ Admin already exists: mahfujapple95@gmail.com 
2026-07-20 17:10:33 [INFO]: ⏭️ Admin already exists: jerinloncheu@gmail.com 
2026-07-20 17:10:33 [INFO]: ⏭️ Admin already exists: julkarnainzunayed@gmail.com 
2026-07-20 17:10:33 [INFO]: ⏭️ Admin already exists: nipaayasha05@gmail.com 
2026-07-20 17:10:33 [INFO]: 🌱 Seeding demo customers... 
2026-07-20 17:10:34 [INFO]: ⏭️ Customer already exists: demo-customer-1@fastfeast.com 
2026-07-20 17:10:34 [INFO]: ⏭️ Customer already exists: demo-customer-2@fastfeast.com 
2026-07-20 17:10:42 [ERROR]: ❌ Error: Invalid credentials 
2026-07-20 17:10:42 [ERROR]: 📚 Stack: Error: Invalid credentials
    at C:\project\fast-backend\src\controllers\auth.controller.ts:66:13 
2026-07-20 17:12:28 [INFO]: ✅ MongoDB Connected: ac-t3k8yee-shard-00-02.ig2b4pm.mongodb.net 
2026-07-20 17:12:28 [INFO]: 📊 Database: sakibTest 
2026-07-20 17:12:28 [INFO]: ✅ Database connected successfully 
2026-07-20 17:12:28 [INFO]: 🚀 Server running on port 5000 
2026-07-20 17:12:28 [INFO]: 🌍 Environment: development 
2026-07-20 17:12:28 [INFO]: 🔗 API URL: http://localhost:5000/api 
2026-07-20 17:12:29 [INFO]: ✅ MongoDB Connected: ac-t3k8yee-shard-00-00.ig2b4pm.mongodb.net 
2026-07-20 17:12:29 [INFO]: 📊 Database: sakibTest 
2026-07-20 17:14:32 [INFO]: ✅ MongoDB Connected: ac-t3k8yee-shard-00-02.ig2b4pm.mongodb.net 
2026-07-20 17:14:32 [INFO]: 📊 Database: sakibTest 
2026-07-20 17:14:33 [INFO]: ✅ MongoDB Connected: ac-t3k8yee-shard-00-02.ig2b4pm.mongodb.net 
2026-07-20 17:14:33 [INFO]: 📊 Database: sakibTest 
2026-07-20 17:14:33 [INFO]: ✅ Database connected successfully 
2026-07-20 17:14:33 [INFO]: 🚀 Server running on port 5000 
2026-07-20 17:14:33 [INFO]: 🌍 Environment: development 
2026-07-20 17:14:33 [INFO]: 🔗 API URL: http://localhost:5000/api 
2026-07-20 17:15:48 [INFO]: ✅ MongoDB Connected: ac-t3k8yee-shard-00-00.ig2b4pm.mongodb.net 
2026-07-20 17:15:48 [INFO]: 📊 Database: sakibTest 
2026-07-20 17:15:48 [INFO]: ✅ Database connected successfully 
2026-07-20 17:15:48 [INFO]: 🚀 Server running on port 5000 
2026-07-20 17:15:48 [INFO]: 🌍 Environment: development 
2026-07-20 17:15:48 [INFO]: 🔗 API URL: http://localhost:5000/api 
2026-07-20 17:15:55 [INFO]: ✅ MongoDB Connected: ac-t3k8yee-shard-00-02.ig2b4pm.mongodb.net 
2026-07-20 17:15:55 [INFO]: 📊 Database: sakibTest 
2026-07-20 17:16:31 [ERROR]: ❌ Error: Invalid credentials 
2026-07-20 17:16:31 [ERROR]: 📚 Stack: Error: Invalid credentials
    at C:\project\fast-backend\src\controllers\auth.controller.ts:66:13 
2026-07-20 17:21:47 [INFO]: ✅ MongoDB Connected: ac-t3k8yee-shard-00-02.ig2b4pm.mongodb.net 
2026-07-20 17:21:47 [INFO]: 📊 Database: sakibTest 
2026-07-20 17:21:47 [INFO]: ✅ Database connected successfully 
2026-07-20 17:21:47 [INFO]: 🚀 Server running on port 5000 
2026-07-20 17:21:47 [INFO]: 🌍 Environment: development 
2026-07-20 17:21:47 [INFO]: 🔗 API URL: http://localhost:5000/api 
2026-07-20 17:21:57 [ERROR]: ❌ Error: Invalid credentials 
2026-07-20 17:21:57 [ERROR]: 📚 Stack: Error: Invalid credentials
    at C:\project\fast-backend\src\controllers\auth.controller.ts:89:19 
2026-07-20 17:22:00 [ERROR]: ❌ Error: Invalid credentials 
2026-07-20 17:22:00 [ERROR]: 📚 Stack: Error: Invalid credentials
    at C:\project\fast-backend\src\controllers\auth.controller.ts:89:19 
2026-07-20 17:22:20 [ERROR]: ❌ Error: Invalid credentials 
2026-07-20 17:22:20 [ERROR]: 📚 Stack: Error: Invalid credentials
    at C:\project\fast-backend\src\controllers\auth.controller.ts:89:19 
2026-07-20 17:23:42 [INFO]: ✅ MongoDB Connected: ac-t3k8yee-shard-00-02.ig2b4pm.mongodb.net 
2026-07-20 17:23:42 [INFO]: 📊 Database: sakibTest 
2026-07-20 17:23:42 [INFO]: ✅ Database connected successfully 
2026-07-20 17:23:42 [INFO]: 🚀 Server running on port 5000 
2026-07-20 17:23:42 [INFO]: 🌍 Environment: development 
2026-07-20 17:23:42 [INFO]: 🔗 API URL: http://localhost:5000/api 
2026-07-20 17:23:53 [INFO]: ✅ MongoDB Connected: ac-t3k8yee-shard-00-01.ig2b4pm.mongodb.net 
2026-07-20 17:23:53 [INFO]: 📊 Database: sakibTest 
2026-07-20 17:23:53 [INFO]: 🗄️ Connected to database 
2026-07-20 17:23:57 [INFO]: ✅ Database cleared successfully! 
2026-07-20 17:24:17 [INFO]: ✅ MongoDB Connected: ac-t3k8yee-shard-00-02.ig2b4pm.mongodb.net 
2026-07-20 17:24:17 [INFO]: 📊 Database: sakibTest 
2026-07-20 17:24:46 [ERROR]: ❌ Error: Invalid credentials 
2026-07-20 17:24:46 [ERROR]: 📚 Stack: Error: Invalid credentials
    at C:\project\fast-backend\src\controllers\auth.controller.ts:89:19 
2026-07-20 17:25:58 [INFO]: ✅ MongoDB Connected: ac-t3k8yee-shard-00-02.ig2b4pm.mongodb.net 
2026-07-20 17:25:58 [INFO]: 📊 Database: sakibTest 
2026-07-20 17:25:58 [INFO]: ✅ Database connected successfully 
2026-07-20 17:25:58 [INFO]: 🚀 Server running on port 5000 
2026-07-20 17:25:58 [INFO]: 🌍 Environment: development 
2026-07-20 17:25:58 [INFO]: 🔗 API URL: http://localhost:5000/api 
2026-07-20 17:26:23 [INFO]: ✅ MongoDB Connected: ac-t3k8yee-shard-00-01.ig2b4pm.mongodb.net 
2026-07-20 17:26:23 [INFO]: 📊 Database: sakibTest 
2026-07-20 17:26:23 [INFO]: ✅ Database connected successfully 
2026-07-20 17:26:23 [INFO]: 🚀 Server running on port 5000 
2026-07-20 17:26:23 [INFO]: 🌍 Environment: development 
2026-07-20 17:26:23 [INFO]: 🔗 API URL: http://localhost:5000/api 
2026-07-20 17:26:47 [INFO]: ✅ MongoDB Connected: ac-t3k8yee-shard-00-01.ig2b4pm.mongodb.net 
2026-07-20 17:26:47 [INFO]: 📊 Database: SadmanTest 
2026-07-20 17:26:59 [ERROR]: ❌ Error: Invalid credentials 
2026-07-20 17:26:59 [ERROR]: 📚 Stack: Error: Invalid credentials
    at C:\project\fast-backend\src\controllers\auth.controller.ts:108:19 
2026-07-20 17:30:09 [INFO]: ✅ MongoDB Connected: ac-t3k8yee-shard-00-01.ig2b4pm.mongodb.net 
2026-07-20 17:30:09 [INFO]: 📊 Database: SadmanTest 
2026-07-20 17:30:09 [INFO]: ✅ Database connected successfully 
2026-07-20 17:30:09 [INFO]: 🚀 Server running on port 5000 
2026-07-20 17:30:09 [INFO]: 🌍 Environment: development 
2026-07-20 17:30:09 [INFO]: 🔗 API URL: http://localhost:5000/api 
2026-07-20 17:30:43 [INFO]: ✅ MongoDB Connected: ac-t3k8yee-shard-00-00.ig2b4pm.mongodb.net 
2026-07-20 17:30:43 [INFO]: 📊 Database: SadmanTest 
2026-07-20 17:30:43 [INFO]: ✅ Database connected successfully 
2026-07-20 17:30:43 [INFO]: 🚀 Server running on port 5000 
2026-07-20 17:30:43 [INFO]: 🌍 Environment: development 
2026-07-20 17:30:43 [INFO]: 🔗 API URL: http://localhost:5000/api 
2026-07-20 17:30:50 [INFO]: ✅ MongoDB Connected: ac-t3k8yee-shard-00-00.ig2b4pm.mongodb.net 
2026-07-20 17:30:50 [INFO]: 📊 Database: SadmanTest 
2026-07-20 17:30:50 [INFO]: 🗄️ Connected to database 
2026-07-20 17:30:54 [INFO]: ✅ Database cleared successfully! 
2026-07-20 17:32:26 [INFO]: ✅ MongoDB Connected: ac-t3k8yee-shard-00-00.ig2b4pm.mongodb.net 
2026-07-20 17:32:26 [INFO]: 📊 Database: SadmanTest 
2026-07-20 17:32:30 [INFO]: ✅ MongoDB Connected: ac-t3k8yee-shard-00-01.ig2b4pm.mongodb.net 
2026-07-20 17:32:30 [INFO]: 📊 Database: SadmanTest 
2026-07-20 17:32:30 [INFO]: ✅ Database connected successfully 
2026-07-20 17:32:30 [INFO]: 🚀 Server running on port 5000 
2026-07-20 17:32:30 [INFO]: 🌍 Environment: development 
2026-07-20 17:32:30 [INFO]: 🔗 API URL: http://localhost:5000/api 
2026-07-20 17:32:53 [INFO]: 🔍 Login attempt for: admin@fastfeast.com 
2026-07-20 17:32:53 [INFO]: 👤 User found: Super Admin (admin) 
2026-07-20 17:32:53 [WARN]: ❌ Login failed - Invalid password for: admin@fastfeast.com 
2026-07-20 17:32:53 [ERROR]: ❌ Login error for admin@fastfeast.com: Invalid credentials 
2026-07-20 17:32:53 [ERROR]: ❌ Error: Invalid credentials 
2026-07-20 17:32:53 [ERROR]: 📚 Stack: Error: Invalid credentials
    at C:\project\fast-backend\src\controllers\auth.controller.ts:101:23 
2026-07-20 17:33:24 [INFO]: 🔍 Login attempt for: admin@fastfeast.com 
2026-07-20 17:33:25 [INFO]: 👤 User found: Super Admin (admin) 
2026-07-20 17:33:25 [WARN]: ❌ Login failed - Invalid password for: admin@fastfeast.com 
2026-07-20 17:33:25 [ERROR]: ❌ Login error for admin@fastfeast.com: Invalid credentials 
2026-07-20 17:33:25 [ERROR]: ❌ Error: Invalid credentials 
2026-07-20 17:33:25 [ERROR]: 📚 Stack: Error: Invalid credentials
    at C:\project\fast-backend\src\controllers\auth.controller.ts:101:23 
2026-07-20 17:36:06 [INFO]: ✅ MongoDB Connected: ac-t3k8yee-shard-00-02.ig2b4pm.mongodb.net 
2026-07-20 17:36:06 [INFO]: 📊 Database: SadmanTest 
2026-07-20 17:36:06 [INFO]: ✅ Database connected successfully 
2026-07-20 17:36:06 [INFO]: 🚀 Server running on port 5000 
2026-07-20 17:36:06 [INFO]: 🌍 Environment: development 
2026-07-20 17:36:06 [INFO]: 🔗 API URL: http://localhost:5000/api 
2026-07-20 17:36:10 [INFO]: ✅ MongoDB Connected: ac-t3k8yee-shard-00-01.ig2b4pm.mongodb.net 
2026-07-20 17:36:10 [INFO]: 📊 Database: SadmanTest 
2026-07-20 17:36:10 [INFO]: 🗄️ Connected to database 
2026-07-20 17:36:15 [INFO]: ✅ Database cleared successfully! 
2026-07-20 17:36:29 [INFO]: ✅ MongoDB Connected: ac-t3k8yee-shard-00-01.ig2b4pm.mongodb.net 
2026-07-20 17:36:29 [INFO]: 📊 Database: SadmanTest 
2026-07-20 17:36:51 [INFO]: 🔍 Login attempt for: admin@fastfeast.com 
2026-07-20 17:36:52 [INFO]: 👤 User found: Super Admin (admin) 
2026-07-20 17:36:52 [WARN]: ❌ Login failed - Invalid password for: admin@fastfeast.com 
2026-07-20 17:36:52 [ERROR]: ❌ Login error for admin@fastfeast.com: Invalid credentials 
2026-07-20 17:36:52 [ERROR]: ❌ Error: Invalid credentials 
2026-07-20 17:36:52 [ERROR]: 📚 Stack: Error: Invalid credentials
    at C:\project\fast-backend\src\controllers\auth.controller.ts:101:23 
2026-07-20 17:37:01 [INFO]: 📡 SIGINT received. Closing server... 
2026-07-20 17:37:17 [INFO]: ✅ MongoDB Connected: ac-t3k8yee-shard-00-01.ig2b4pm.mongodb.net 
2026-07-20 17:37:17 [INFO]: 📊 Database: SadmanTest 
2026-07-20 17:37:17 [INFO]: ✅ Database connected successfully 
2026-07-20 17:37:17 [INFO]: 🚀 Server running on port 5000 
2026-07-20 17:37:17 [INFO]: 🌍 Environment: development 
2026-07-20 17:37:17 [INFO]: 🔗 API URL: http://localhost:5000/api 
2026-07-20 17:37:20 [INFO]: 🔍 Login attempt for: admin@fastfeast.com 
2026-07-20 17:37:22 [INFO]: 👤 User found: Super Admin (admin) 
2026-07-20 17:37:22 [WARN]: ❌ Login failed - Invalid password for: admin@fastfeast.com 
2026-07-20 17:37:22 [ERROR]: ❌ Login error for admin@fastfeast.com: Invalid credentials 
2026-07-20 17:37:22 [ERROR]: ❌ Error: Invalid credentials 
2026-07-20 17:37:22 [ERROR]: 📚 Stack: Error: Invalid credentials
    at C:\project\fast-backend\src\controllers\auth.controller.ts:101:23 
2026-07-20 17:39:34 [INFO]: ✅ MongoDB Connected: ac-t3k8yee-shard-00-01.ig2b4pm.mongodb.net 
2026-07-20 17:39:34 [INFO]: 📊 Database: SadmanTest 
2026-07-20 17:39:34 [INFO]: ✅ Database connected successfully 
2026-07-20 17:39:34 [INFO]: 🚀 Server running on port 5000 
2026-07-20 17:39:34 [INFO]: 🌍 Environment: development 
2026-07-20 17:39:34 [INFO]: 🔗 API URL: http://localhost:5000/api 
2026-07-20 17:39:41 [INFO]: ✅ MongoDB Connected: ac-t3k8yee-shard-00-02.ig2b4pm.mongodb.net 
2026-07-20 17:39:41 [INFO]: 📊 Database: SadmanTest 
2026-07-20 17:39:41 [INFO]: 🗄️ Connected to database 
2026-07-20 17:39:45 [INFO]: ✅ Database cleared successfully! 
2026-07-20 17:39:57 [INFO]: ✅ MongoDB Connected: ac-t3k8yee-shard-00-00.ig2b4pm.mongodb.net 
2026-07-20 17:39:57 [INFO]: 📊 Database: SadmanTest 
2026-07-20 17:40:19 [INFO]: 🔍 Login attempt for: admin@fastfeast.com 
2026-07-20 17:40:20 [INFO]: 👤 User found: Super Admin (admin) 
2026-07-20 17:40:20 [WARN]: ❌ Login failed - Invalid password for: admin@fastfeast.com 
2026-07-20 17:40:20 [ERROR]: ❌ Login error for admin@fastfeast.com: Invalid credentials 
2026-07-20 17:40:20 [ERROR]: ❌ Error: Invalid credentials 
2026-07-20 17:40:20 [ERROR]: 📚 Stack: Error: Invalid credentials
    at C:\project\fast-backend\src\controllers\auth.controller.ts:101:23 
2026-07-20 17:42:18 [INFO]: ✅ MongoDB Connected: ac-t3k8yee-shard-00-01.ig2b4pm.mongodb.net 
2026-07-20 17:42:18 [INFO]: 📊 Database: SadmanTest 
2026-07-20 17:42:18 [INFO]: ✅ Database connected successfully 
2026-07-20 17:42:18 [INFO]: 🚀 Server running on port 5000 
2026-07-20 17:42:18 [INFO]: 🌍 Environment: development 
2026-07-20 17:42:18 [INFO]: 🔗 API URL: http://localhost:5000/api 
2026-07-20 17:42:19 [INFO]: ✅ MongoDB Connected: ac-t3k8yee-shard-00-00.ig2b4pm.mongodb.net 
2026-07-20 17:42:19 [INFO]: 📊 Database: SadmanTest 
2026-07-20 17:42:19 [INFO]: 🗄️ Connected to database 
2026-07-20 17:42:23 [INFO]: ✅ Database cleared successfully! 
2026-07-20 17:42:36 [INFO]: ✅ MongoDB Connected: ac-t3k8yee-shard-00-01.ig2b4pm.mongodb.net 
2026-07-20 17:42:36 [INFO]: 📊 Database: SadmanTest 
2026-07-20 17:43:38 [INFO]: ✅ MongoDB Connected: ac-t3k8yee-shard-00-00.ig2b4pm.mongodb.net 
2026-07-20 17:43:38 [INFO]: 📊 Database: SadmanTest 
2026-07-20 17:43:38 [INFO]: 🗄️ Connected to database 
2026-07-20 17:43:39 [INFO]: ✅ MongoDB Connected: ac-t3k8yee-shard-00-01.ig2b4pm.mongodb.net 
2026-07-20 17:43:39 [INFO]: 📊 Database: SadmanTest 
2026-07-20 17:43:39 [INFO]: ✅ Database connected successfully 
2026-07-20 17:43:39 [INFO]: 🚀 Server running on port 5000 
2026-07-20 17:43:39 [INFO]: 🌍 Environment: development 
2026-07-20 17:43:39 [INFO]: 🔗 API URL: http://localhost:5000/api 
2026-07-20 17:43:42 [INFO]: ✅ Database cleared successfully! 
2026-07-20 17:44:04 [INFO]: ✅ MongoDB Connected: ac-t3k8yee-shard-00-00.ig2b4pm.mongodb.net 
2026-07-20 17:44:04 [INFO]: 📊 Database: SadmanTest 
2026-07-20 17:45:47 [INFO]: 🔍 Login attempt for: sadmansakib34523@gmail.com 
2026-07-20 17:45:47 [WARN]: ❌ Login failed - User not found: sadmansakib34523@gmail.com 
2026-07-20 17:45:47 [ERROR]: ❌ Login error for sadmansakib34523@gmail.com: Invalid credentials 
2026-07-20 17:45:47 [ERROR]: ❌ Error: Invalid credentials 
2026-07-20 17:45:47 [ERROR]: 📚 Stack: Error: Invalid credentials
    at C:\project\fast-backend\src\controllers\auth.controller.ts:86:23
    at processTicksAndRejections (node:internal/process/task_queues:105:5) 
2026-07-20 19:45:01 [INFO]: ✅ MongoDB Connected: ac-t3k8yee-shard-00-02.ig2b4pm.mongodb.net 
2026-07-20 19:45:01 [INFO]: 📊 Database: SadmanTest 
2026-07-20 19:45:01 [INFO]: ✅ Database connected successfully 
2026-07-20 19:45:01 [INFO]: 🚀 Server running on port 5000 
2026-07-20 19:45:01 [INFO]: 🌍 Environment: development 
2026-07-20 19:45:01 [INFO]: 🔗 API URL: http://localhost:5000/api 
2026-07-20 19:47:42 [INFO]: 📡 SIGINT received. Closing server... 
2026-07-20 19:48:58 [ERROR]: Server selection timed out after 5000 ms MongooseServerSelectionError: Server selection timed out after 5000 ms
    at _handleConnectionErrors (C:\project\fast-backend\node_modules\mongoose\lib\connection.js:816:11)
    at NativeConnection.openUri (C:\project\fast-backend\node_modules\mongoose\lib\connection.js:791:11)
    at processTicksAndRejections (node:internal/process/task_queues:105:5)
    at async connectDB (C:\project\fast-backend\src\config\database.ts:15:18)
    at async startServer (C:\project\fast-backend\src\server.ts:9:5)
2026-07-20 19:50:20 [INFO]: ✅ MongoDB Connected: cluster0-shard-00-00.qam3y.mongodb.net 
2026-07-20 19:50:20 [INFO]: 📊 Database: test 
2026-07-20 19:50:20 [INFO]: ✅ Database connected successfully 
2026-07-20 19:50:20 [INFO]: 🚀 Server running on port 5000 
2026-07-20 19:50:20 [INFO]: 🌍 Environment: development 
2026-07-20 19:50:20 [INFO]: 🔗 API URL: http://localhost:5000/api 
2026-07-20 19:52:06 [INFO]: 📡 SIGINT received. Closing server... 
2026-07-20 19:52:22 [INFO]: ✅ MongoDB Connected: cluster0-shard-00-02.qam3y.mongodb.net 
2026-07-20 19:52:22 [INFO]: 📊 Database: SadmanTest 
2026-07-20 19:52:22 [INFO]: ✅ Database connected successfully 
2026-07-20 19:52:22 [INFO]: 🚀 Server running on port 5000 
2026-07-20 19:52:22 [INFO]: 🌍 Environment: development 
2026-07-20 19:52:22 [INFO]: 🔗 API URL: http://localhost:5000/api 
2026-07-20 19:52:54 [ERROR]: ❌ Error: Route /favicon.ico not found 
2026-07-20 19:52:54 [ERROR]: 📚 Stack: Error: Route /favicon.ico not found
    at notFoundHandler (C:\project\fast-backend\src\middleware\error.middleware.ts:70:17)
    at Layer.handle [as handle_request] (C:\project\fast-backend\node_modules\express\lib\router\layer.js:95:5)
    at trim_prefix (C:\project\fast-backend\node_modules\express\lib\router\index.js:328:13)
    at C:\project\fast-backend\node_modules\express\lib\router\index.js:286:9
    at router.process_params (C:\project\fast-backend\node_modules\express\lib\router\index.js:346:12)
    at next (C:\project\fast-backend\node_modules\express\lib\router\index.js:280:10)
    at hpp (C:\project\fast-backend\node_modules\hpp\lib\index.js:146:9)
    at Layer.handle [as handle_request] (C:\project\fast-backend\node_modules\express\lib\router\layer.js:95:5)
    at trim_prefix (C:\project\fast-backend\node_modules\express\lib\router\index.js:328:13)
    at C:\project\fast-backend\node_modules\express\lib\router\index.js:286:9 
2026-07-20 21:56:34 [INFO]: ✅ MongoDB Connected: cluster0-shard-00-01.qam3y.mongodb.net 
2026-07-20 21:56:34 [INFO]: 📊 Database: SadmanTest 
2026-07-20 21:56:34 [INFO]: ✅ Database connected successfully 
2026-07-20 21:56:34 [INFO]: 🚀 Server running on port 5000 
2026-07-20 21:56:34 [INFO]: 🌍 Environment: development 
2026-07-20 21:56:34 [INFO]: 🔗 API URL: http://localhost:5000/api 
2026-07-20 21:56:48 [ERROR]: ❌ Error: Route /favicon.ico not found 
2026-07-20 21:56:48 [ERROR]: 📚 Stack: Error: Route /favicon.ico not found
    at notFoundHandler (C:\project\fast-backend\src\middleware\error.middleware.ts:70:17)
    at Layer.handle [as handle_request] (C:\project\fast-backend\node_modules\express\lib\router\layer.js:95:5)
    at trim_prefix (C:\project\fast-backend\node_modules\express\lib\router\index.js:328:13)
    at C:\project\fast-backend\node_modules\express\lib\router\index.js:286:9
    at router.process_params (C:\project\fast-backend\node_modules\express\lib\router\index.js:346:12)
    at next (C:\project\fast-backend\node_modules\express\lib\router\index.js:280:10)
    at hpp (C:\project\fast-backend\node_modules\hpp\lib\index.js:146:9)
    at Layer.handle [as handle_request] (C:\project\fast-backend\node_modules\express\lib\router\layer.js:95:5)
    at trim_prefix (C:\project\fast-backend\node_modules\express\lib\router\index.js:328:13)
    at C:\project\fast-backend\node_modules\express\lib\router\index.js:286:9 
2026-07-20 21:57:00 [INFO]: 📡 SIGINT received. Closing server... 
2026-07-20 21:57:27 [INFO]: ✅ MongoDB Connected: cluster0-shard-00-00.qam3y.mongodb.net 
2026-07-20 21:57:27 [INFO]: 📊 Database: SadmanTest 
2026-07-20 21:57:27 [INFO]: ✅ Database connected successfully 
2026-07-20 21:57:27 [INFO]: 🚀 Server running on port 5000 
2026-07-20 21:57:27 [INFO]: 🌍 Environment: development 
2026-07-20 21:57:27 [INFO]: 🔗 API URL: http://localhost:5000/api 
2026-07-20 21:57:40 [ERROR]: ❌ Error: Route /favicon.ico not found 
2026-07-20 21:57:40 [ERROR]: 📚 Stack: Error: Route /favicon.ico not found
    at notFoundHandler (C:\project\fast-backend\src\middleware\error.middleware.ts:70:17)
    at Layer.handle [as handle_request] (C:\project\fast-backend\node_modules\express\lib\router\layer.js:95:5)
    at trim_prefix (C:\project\fast-backend\node_modules\express\lib\router\index.js:328:13)
    at C:\project\fast-backend\node_modules\express\lib\router\index.js:286:9
    at router.process_params (C:\project\fast-backend\node_modules\express\lib\router\index.js:346:12)
    at next (C:\project\fast-backend\node_modules\express\lib\router\index.js:280:10)
    at hpp (C:\project\fast-backend\node_modules\hpp\lib\index.js:146:9)
    at Layer.handle [as handle_request] (C:\project\fast-backend\node_modules\express\lib\router\layer.js:95:5)
    at trim_prefix (C:\project\fast-backend\node_modules\express\lib\router\index.js:328:13)
    at C:\project\fast-backend\node_modules\express\lib\router\index.js:286:9 
2026-07-20 22:00:07 [ERROR]: Could not connect to any servers in your MongoDB Atlas cluster. One common reason is that you're trying to access the database from an IP that isn't whitelisted. Make sure your current IP address is on your Atlas cluster's IP whitelist: https://www.mongodb.com/docs/atlas/security-whitelist/ MongooseServerSelectionError: Could not connect to any servers in your MongoDB Atlas cluster. One common reason is that you're trying to access the database from an IP that isn't whitelisted. Make sure your current IP address is on your Atlas cluster's IP whitelist: https://www.mongodb.com/docs/atlas/security-whitelist/
    at _handleConnectionErrors (C:\project\fast-backend\node_modules\mongoose\lib\connection.js:816:11)
    at NativeConnection.openUri (C:\project\fast-backend\node_modules\mongoose\lib\connection.js:791:11)
    at processTicksAndRejections (node:internal/process/task_queues:105:5)
    at async connectDB (C:\project\fast-backend\src\config\database.ts:15:18)
    at async startServer (C:\project\fast-backend\src\server.ts:9:5)
2026-07-20 22:00:48 [INFO]: ✅ MongoDB Connected: ac-t3k8yee-shard-00-02.ig2b4pm.mongodb.net 
2026-07-20 22:00:48 [INFO]: 📊 Database: SadmanTest 
2026-07-20 22:00:48 [INFO]: ✅ Database connected successfully 
2026-07-20 22:00:48 [INFO]: 🚀 Server running on port 5000 
2026-07-20 22:00:48 [INFO]: 🌍 Environment: development 
2026-07-20 22:00:48 [INFO]: 🔗 API URL: http://localhost:5000/api 
2026-07-20 22:02:55 [INFO]: ✅ MongoDB Connected: ac-t3k8yee-shard-00-01.ig2b4pm.mongodb.net 
2026-07-20 22:02:55 [INFO]: 📊 Database: SadmanTest 
2026-07-20 22:02:55 [INFO]: ✅ Database connected successfully 
2026-07-20 22:02:55 [INFO]: 🚀 Server running on port 5000 
2026-07-20 22:02:55 [INFO]: 🌍 Environment: development 
2026-07-20 22:02:55 [INFO]: 🔗 API URL: http://localhost:5000/api 
2026-07-20 22:03:12 [INFO]: ✅ MongoDB Connected: ac-t3k8yee-shard-00-00.ig2b4pm.mongodb.net 
2026-07-20 22:03:12 [INFO]: 📊 Database: SadmanTest 
2026-07-20 22:03:12 [INFO]: ✅ Database connected successfully 
2026-07-20 22:03:12 [INFO]: 🚀 Server running on port 5000 
2026-07-20 22:03:12 [INFO]: 🌍 Environment: development 
2026-07-20 22:03:12 [INFO]: 🔗 API URL: http://localhost:5000/api 
2026-07-20 22:06:44 [INFO]: ✅ MongoDB Connected: ac-t3k8yee-shard-00-02.ig2b4pm.mongodb.net 
2026-07-20 22:06:44 [INFO]: 📊 Database: SadmanTest 
2026-07-20 22:06:44 [INFO]: ✅ Database connected successfully 
2026-07-20 22:06:44 [INFO]: 🚀 Server running on port 5000 
2026-07-20 22:06:44 [INFO]: 🌍 Environment: development 
2026-07-20 22:06:44 [INFO]: 🔗 API URL: http://localhost:5000/api 
2026-07-20 22:09:16 [INFO]: ✅ MongoDB Connected: ac-t3k8yee-shard-00-02.ig2b4pm.mongodb.net 
2026-07-20 22:09:16 [INFO]: 📊 Database: SadmanTest 
2026-07-20 22:09:16 [INFO]: ✅ Database connected successfully 
2026-07-20 22:09:16 [INFO]: 🚀 Server running on port 5000 
2026-07-20 22:09:16 [INFO]: 🌍 Environment: development 
2026-07-20 22:09:16 [INFO]: 🔗 API URL: http://localhost:5000/api 
2026-07-20 22:09:39 [INFO]: ✅ MongoDB Connected: ac-t3k8yee-shard-00-02.ig2b4pm.mongodb.net 
2026-07-20 22:09:39 [INFO]: 📊 Database: SadmanTest 
2026-07-20 22:09:39 [INFO]: ✅ Database connected successfully 
2026-07-20 22:09:39 [INFO]: 🚀 Server running on port 5000 
2026-07-20 22:09:39 [INFO]: 🌍 Environment: development 
2026-07-20 22:09:39 [INFO]: 🔗 API URL: http://localhost:5000/api 
2026-07-20 22:09:58 [INFO]: ✅ MongoDB Connected: ac-t3k8yee-shard-00-00.ig2b4pm.mongodb.net 
2026-07-20 22:09:58 [INFO]: 📊 Database: SadmanTest 
2026-07-20 22:10:37 [INFO]: 🔍 Login attempt for: admin@fastfeast.com 
2026-07-20 22:10:37 [INFO]: 👤 User found: Super Admin (admin) 
2026-07-20 22:10:37 [WARN]: ❌ Login failed - Invalid password for: admin@fastfeast.com 
2026-07-20 22:10:37 [ERROR]: ❌ Login error for admin@fastfeast.com: Invalid credentials 
2026-07-20 22:10:37 [ERROR]: ❌ Error: Invalid credentials 
2026-07-20 22:10:37 [ERROR]: 📚 Stack: Error: Invalid credentials
    at C:\project\fast-backend\src\controllers\auth.controller.ts:101:23 
2026-07-20 22:11:54 [INFO]: ✅ MongoDB Connected: ac-t3k8yee-shard-00-00.ig2b4pm.mongodb.net 
2026-07-20 22:11:54 [INFO]: 📊 Database: SadmanTest 
2026-07-20 22:11:54 [INFO]: ✅ Database connected successfully 
2026-07-20 22:11:54 [INFO]: 🚀 Server running on port 5000 
2026-07-20 22:11:54 [INFO]: 🌍 Environment: development 
2026-07-20 22:11:54 [INFO]: 🔗 API URL: http://localhost:5000/api 
2026-07-20 22:12:08 [INFO]: ✅ MongoDB Connected: ac-t3k8yee-shard-00-01.ig2b4pm.mongodb.net 
2026-07-20 22:12:08 [INFO]: 📊 Database: SadmanTest 
2026-07-20 22:12:08 [INFO]: 🗄️ Connected to database 
2026-07-20 22:12:12 [INFO]: ✅ Database cleared successfully! 
2026-07-20 22:12:27 [INFO]: ✅ MongoDB Connected: ac-t3k8yee-shard-00-02.ig2b4pm.mongodb.net 
2026-07-20 22:12:27 [INFO]: 📊 Database: SadmanTest 
2026-07-20 22:14:20 [INFO]: ✅ MongoDB Connected: ac-t3k8yee-shard-00-01.ig2b4pm.mongodb.net 
2026-07-20 22:14:20 [INFO]: 📊 Database: SadmanTest 
2026-07-20 22:14:20 [INFO]: ✅ Database connected successfully 
2026-07-20 22:14:20 [INFO]: 🚀 Server running on port 5000 
2026-07-20 22:14:20 [INFO]: 🌍 Environment: development 
2026-07-20 22:14:20 [INFO]: 🔗 API URL: http://localhost:5000/api 
2026-07-20 22:14:21 [INFO]: ✅ MongoDB Connected: ac-t3k8yee-shard-00-02.ig2b4pm.mongodb.net 
2026-07-20 22:14:21 [INFO]: 📊 Database: SadmanTest 
2026-07-20 22:14:21 [INFO]: 🗄️ Connected to database 
2026-07-20 22:14:29 [INFO]: ✅ Database cleared successfully! 
2026-07-20 22:14:40 [INFO]: ✅ MongoDB Connected: ac-t3k8yee-shard-00-02.ig2b4pm.mongodb.net 
2026-07-20 22:14:40 [INFO]: 📊 Database: SadmanTest 
2026-07-20 22:15:31 [WARN]: ⚠️ MongoDB disconnected 
2026-07-20 22:16:12 [INFO]: 🔄 MongoDB reconnected 
2026-07-20 22:16:35 [INFO]: 🔍 Login attempt for: admin@fastfeast.com 
2026-07-20 22:16:37 [INFO]: 👤 User found: Super Admin (admin) 
2026-07-20 22:16:38 [INFO]: ✅ Login successful: admin@fastfeast.com (admin) 
2026-07-20 22:18:40 [ERROR]: ❌ Error: Expected double-quoted property name in JSON at position 112 (line 6 column 1) 
2026-07-20 22:18:40 [ERROR]: 📚 Stack: SyntaxError: Expected double-quoted property name in JSON at position 112 (line 6 column 1)
    at JSON.parse (<anonymous>)
    at parse (C:\project\fast-backend\node_modules\body-parser\lib\types\json.js:96:19)
    at C:\project\fast-backend\node_modules\body-parser\lib\read.js:128:18
    at AsyncResource.runInAsyncScope (node:async_hooks:214:14)
    at invokeCallback (C:\project\fast-backend\node_modules\raw-body\index.js:238:16)
    at done (C:\project\fast-backend\node_modules\raw-body\index.js:227:7)
    at IncomingMessage.onEnd (C:\project\fast-backend\node_modules\raw-body\index.js:287:7)
    at IncomingMessage.emit (node:events:508:28)
    at IncomingMessage.emit (node:domain:489:12)
    at endReadableNT (node:internal/streams/readable:1701:12) 
2026-07-20 22:18:48 [INFO]: ✅ User registered successfully: test@gmail.com (customer) 
2026-07-20 22:21:09 [INFO]: 📡 SIGINT received. Closing server... 
2026-07-20 22:21:24 [INFO]: ✅ MongoDB Connected: ac-t3k8yee-shard-00-01.ig2b4pm.mongodb.net 
2026-07-20 22:21:24 [INFO]: 📊 Database: SadmanTest 
2026-07-20 22:21:24 [INFO]: ✅ Database connected successfully 
2026-07-20 22:21:24 [INFO]: 🚀 Server running on port 5000 
2026-07-20 22:21:24 [INFO]: 🌍 Environment: development 
2026-07-20 22:21:24 [INFO]: 🔗 API URL: http://localhost:5000/api 
2026-07-20 22:21:29 [INFO]: 🔍 Login attempt for: admin@fastfeast.com 
2026-07-20 22:21:30 [INFO]: 👤 User found: Super Admin (admin) 
2026-07-20 22:21:30 [INFO]: ✅ Login successful: admin@fastfeast.com (admin) 
2026-07-20 22:21:47 [INFO]: ✅ User profile fetched: admin@fastfeast.com 
2026-07-20 22:24:18 [INFO]: ✅ Profile updated: admin@fastfeast.com 
2026-07-20 22:32:01 [INFO]: ✅ User registered successfully: test2@gmail.com (customer) 
2026-07-20 22:33:09 [INFO]: 📡 SIGINT received. Closing server... 
2026-07-20 22:33:24 [INFO]: ✅ MongoDB Connected: ac-t3k8yee-shard-00-01.ig2b4pm.mongodb.net 
2026-07-20 22:33:24 [INFO]: 📊 Database: SadmanTest 
2026-07-20 22:33:24 [INFO]: ✅ Database connected successfully 
2026-07-20 22:33:24 [INFO]: 🚀 Server running on port 5000 
2026-07-20 22:33:24 [INFO]: 🌍 Environment: development 
2026-07-20 22:33:24 [INFO]: 🔗 API URL: http://localhost:5000/api 
2026-07-20 22:33:41 [INFO]: 🔍 Login attempt for: admin@fastfeast.com 
2026-07-20 22:33:41 [INFO]: 👤 User found: Updated Name (admin) 
2026-07-20 22:33:42 [INFO]: ✅ Login successful: admin@fastfeast.com (admin) 
2026-07-20 22:39:20 [ERROR]: ❌ Error: Expected double-quoted property name in JSON at position 25 (line 3 column 1) 
2026-07-20 22:39:20 [ERROR]: 📚 Stack: SyntaxError: Expected double-quoted property name in JSON at position 25 (line 3 column 1)
    at JSON.parse (<anonymous>)
    at parse (C:\project\fast-backend\node_modules\body-parser\lib\types\json.js:96:19)
    at C:\project\fast-backend\node_modules\body-parser\lib\read.js:128:18
    at AsyncResource.runInAsyncScope (node:async_hooks:214:14)
    at invokeCallback (C:\project\fast-backend\node_modules\raw-body\index.js:238:16)
    at done (C:\project\fast-backend\node_modules\raw-body\index.js:227:7)
    at IncomingMessage.onEnd (C:\project\fast-backend\node_modules\raw-body\index.js:287:7)
    at IncomingMessage.emit (node:events:508:28)
    at IncomingMessage.emit (node:domain:489:12)
    at endReadableNT (node:internal/streams/readable:1701:12) 
2026-07-20 22:48:42 [INFO]: ✅ MongoDB Connected: ac-t3k8yee-shard-00-00.ig2b4pm.mongodb.net 
2026-07-20 22:48:42 [INFO]: 📊 Database: SadmanTest 
2026-07-20 22:48:42 [INFO]: ✅ Database connected successfully 
2026-07-20 22:48:42 [INFO]: 🚀 Server running on port 5000 
2026-07-20 22:48:42 [INFO]: 🌍 Environment: development 
2026-07-20 22:48:42 [INFO]: 🔗 API URL: http://localhost:5000/api 
2026-07-20 22:49:00 [INFO]: ✅ MongoDB Connected: ac-t3k8yee-shard-00-01.ig2b4pm.mongodb.net 
2026-07-20 22:49:00 [INFO]: 📊 Database: SadmanTest 
2026-07-20 22:49:00 [INFO]: ✅ Database connected successfully 
2026-07-20 22:49:00 [INFO]: 🚀 Server running on port 5000 
2026-07-20 22:49:00 [INFO]: 🌍 Environment: development 
2026-07-20 22:49:00 [INFO]: 🔗 API URL: http://localhost:5000/api 
2026-07-20 22:49:53 [INFO]: ✅ User role updated: test2@gmail.com -> admin (by admin: admin@fastfeast.com) 
2026-07-20 22:51:10 [INFO]: ✅ User status updated: test2@gmail.com -> banned 
2026-07-20 22:52:30 [WARN]: ⚠️ MongoDB disconnected 
2026-07-20 22:53:22 [INFO]: 🔄 MongoDB reconnected 
2026-07-20 22:57:58 [INFO]: ✅ User role updated: test@gmail.com -> restaurant (by admin: admin@fastfeast.com) 
2026-07-20 22:58:20 [ERROR]: ❌ Error: Route /api/admin/restaurants/6a5e4a674480c0060ff3b396/verify not found 
2026-07-20 22:58:20 [ERROR]: 📚 Stack: Error: Route /api/admin/restaurants/6a5e4a674480c0060ff3b396/verify not found
    at notFoundHandler (C:\project\fast-backend\src\middleware\error.middleware.ts:76:17)
    at Layer.handle [as handle_request] (C:\project\fast-backend\node_modules\express\lib\router\layer.js:95:5)
    at trim_prefix (C:\project\fast-backend\node_modules\express\lib\router\index.js:328:13)
    at C:\project\fast-backend\node_modules\express\lib\router\index.js:286:9
    at router.process_params (C:\project\fast-backend\node_modules\express\lib\router\index.js:346:12)
    at next (C:\project\fast-backend\node_modules\express\lib\router\index.js:280:10)
    at C:\project\fast-backend\node_modules\express\lib\router\index.js:646:15
    at next (C:\project\fast-backend\node_modules\express\lib\router\index.js:265:14)
    at C:\project\fast-backend\src\middleware\auth.middleware.ts:104:5
    at adminMiddleware (C:\project\fast-backend\src\routes\admin.routes.ts:35:23) 
2026-07-20 23:01:42 [INFO]: ✅ MongoDB Connected: ac-t3k8yee-shard-00-01.ig2b4pm.mongodb.net 
2026-07-20 23:01:42 [INFO]: 📊 Database: SadmanTest 
2026-07-20 23:01:42 [INFO]: ✅ Database connected successfully 
2026-07-20 23:01:42 [INFO]: 🚀 Server running on port 5000 
2026-07-20 23:01:42 [INFO]: 🌍 Environment: development 
2026-07-20 23:01:42 [INFO]: 🔗 API URL: http://localhost:5000/api 
2026-07-20 23:05:12 [INFO]: ✅ MongoDB Connected: ac-t3k8yee-shard-00-02.ig2b4pm.mongodb.net 
2026-07-20 23:05:12 [INFO]: 📊 Database: SadmanTest 
2026-07-20 23:05:12 [INFO]: ✅ Database connected successfully 
2026-07-20 23:05:12 [INFO]: 🚀 Server running on port 5000 
2026-07-20 23:05:12 [INFO]: 🌍 Environment: development 
2026-07-20 23:05:12 [INFO]: 🔗 API URL: http://localhost:5000/api 
2026-07-20 23:11:42 [INFO]: ✅ User role updated: test2@gmail.com -> moderator (by admin: admin@fastfeast.com) 
2026-07-20 23:22:47 [ERROR]: ❌ Error: Restaurant not found 
2026-07-20 23:22:47 [ERROR]: 📚 Stack: Error: Restaurant not found
    at C:\project\fast-backend\src\controllers\restaurant.controller.ts:81:13
    at processTicksAndRejections (node:internal/process/task_queues:105:5) 
2026-07-20 23:28:41 [INFO]: ✅ MongoDB Connected: ac-t3k8yee-shard-00-00.ig2b4pm.mongodb.net 
2026-07-20 23:28:41 [INFO]: 📊 Database: SadmanTest 
2026-07-20 23:28:41 [INFO]: ✅ Database connected successfully 
2026-07-20 23:28:41 [INFO]: 🚀 Server running on port 5000 
2026-07-20 23:28:41 [INFO]: 🌍 Environment: development 
2026-07-20 23:28:41 [INFO]: 🔗 API URL: http://localhost:5000/api 
2026-07-20 23:30:46 [INFO]: 📡 SIGINT received. Closing server... 
2026-07-20 23:31:01 [INFO]: ✅ MongoDB Connected: ac-t3k8yee-shard-00-01.ig2b4pm.mongodb.net 
2026-07-20 23:31:01 [INFO]: 📊 Database: SadmanTest 
2026-07-20 23:31:01 [INFO]: ✅ Database connected successfully 
2026-07-20 23:31:01 [INFO]: 🚀 Server running on port 5000 
2026-07-20 23:31:01 [INFO]: 🌍 Environment: development 
2026-07-20 23:31:01 [INFO]: 🔗 API URL: http://localhost:5000/api 
2026-07-20 23:31:34 [INFO]: ✅ MongoDB Connected: ac-t3k8yee-shard-00-01.ig2b4pm.mongodb.net 
2026-07-20 23:31:34 [INFO]: 📊 Database: SadmanTest 
2026-07-20 23:31:34 [INFO]: ✅ Database connected successfully 
2026-07-20 23:31:34 [INFO]: 🚀 Server running on port 5000 
2026-07-20 23:31:34 [INFO]: 🌍 Environment: development 
2026-07-20 23:31:34 [INFO]: 🔗 API URL: http://localhost:5000/api 
2026-07-20 23:33:32 [INFO]: 🔍 Login attempt for: admin@fastfeast.com 
2026-07-20 23:33:32 [INFO]: 👤 User found: Updated Name (restaurant) 
2026-07-20 23:33:33 [INFO]: ✅ Login successful: admin@fastfeast.com (restaurant) 
2026-07-20 23:34:43 [INFO]: ✅ MongoDB Connected: ac-t3k8yee-shard-00-02.ig2b4pm.mongodb.net 
2026-07-20 23:34:43 [INFO]: 📊 Database: SadmanTest 
2026-07-20 23:34:43 [INFO]: 🗄️ Connected to database 
2026-07-20 23:34:47 [INFO]: ✅ Database cleared successfully! 
2026-07-20 23:34:59 [INFO]: ✅ MongoDB Connected: ac-t3k8yee-shard-00-00.ig2b4pm.mongodb.net 
2026-07-20 23:34:59 [INFO]: 📊 Database: SadmanTest 
2026-07-20 23:35:14 [INFO]: 🔍 Login attempt for: admin@fastfeast.com 
2026-07-20 23:35:14 [INFO]: 👤 User found: Super Admin (admin) 
2026-07-20 23:35:15 [INFO]: ✅ Login successful: admin@fastfeast.com (admin) 
2026-07-20 23:35:31 [INFO]: 🔍 Login attempt for: admin@fastfeast.com 
2026-07-20 23:35:31 [INFO]: 👤 User found: Super Admin (admin) 
2026-07-20 23:35:32 [INFO]: ✅ Login successful: admin@fastfeast.com (admin) 
2026-07-20 23:42:46 [INFO]: 📡 SIGINT received. Closing server... 
2026-07-20 23:43:02 [INFO]: ✅ MongoDB Connected: ac-t3k8yee-shard-00-01.ig2b4pm.mongodb.net 
2026-07-20 23:43:02 [INFO]: 📊 Database: SadmanTest 
2026-07-20 23:43:02 [INFO]: ✅ Database connected successfully 
2026-07-20 23:43:02 [INFO]: 🚀 Server running on port 5000 
2026-07-20 23:43:02 [INFO]: 🌍 Environment: development 
2026-07-20 23:43:02 [INFO]: 🔗 API URL: http://localhost:5000/api 
2026-07-20 23:43:06 [INFO]: ✅ User registered successfully: owner@pizzapalace.com (restaurant) 
2026-07-20 23:43:23 [INFO]: 🔍 Login attempt for: owner@pizzapalace.com 
2026-07-20 23:43:23 [INFO]: 👤 User found: Pizza Palace Owner (restaurant) 
2026-07-20 23:43:23 [WARN]: ❌ Login failed - Invalid password for: owner@pizzapalace.com 
2026-07-20 23:43:23 [ERROR]: ❌ Login error for owner@pizzapalace.com: Invalid credentials 
2026-07-20 23:43:23 [ERROR]: ❌ Error: Invalid credentials 
2026-07-20 23:43:23 [ERROR]: 📚 Stack: Error: Invalid credentials
    at C:\project\fast-backend\src\controllers\auth.controller.ts:101:23 
2026-07-20 23:44:49 [INFO]: 📡 SIGINT received. Closing server... 
2026-07-20 23:45:09 [INFO]: ✅ MongoDB Connected: ac-t3k8yee-shard-00-02.ig2b4pm.mongodb.net 
2026-07-20 23:45:09 [INFO]: 📊 Database: SadmanTest 
2026-07-20 23:45:09 [INFO]: ✅ Database connected successfully 
2026-07-20 23:45:09 [INFO]: 🚀 Server running on port 5000 
2026-07-20 23:45:09 [INFO]: 🌍 Environment: development 
2026-07-20 23:45:09 [INFO]: 🔗 API URL: http://localhost:5000/api 
2026-07-20 23:45:26 [INFO]: 🔍 Login attempt for: owner@pizzapalace.com 
2026-07-20 23:45:26 [INFO]: 👤 User found: Pizza Palace Owner (restaurant) 
2026-07-20 23:45:26 [WARN]: ❌ Login failed - Invalid password for: owner@pizzapalace.com 
2026-07-20 23:45:26 [ERROR]: ❌ Login error for owner@pizzapalace.com: Invalid credentials 
2026-07-20 23:45:26 [ERROR]: ❌ Error: Invalid credentials 
2026-07-20 23:45:26 [ERROR]: 📚 Stack: Error: Invalid credentials
    at C:\project\fast-backend\src\controllers\auth.controller.ts:101:23 
2026-07-20 23:45:50 [WARN]: Registration attempt with existing email: owner@pizzapalace.com 
2026-07-20 23:45:50 [ERROR]: ❌ Registration error for owner@pizzapalace.com: User already exists with this email Error: User already exists with this email
    at C:\project\fast-backend\src\controllers\auth.controller.ts:21:23
    at processTicksAndRejections (node:internal/process/task_queues:105:5)
2026-07-20 23:45:50 [ERROR]: ❌ Error: User already exists with this email 
2026-07-20 23:45:50 [ERROR]: 📚 Stack: Error: User already exists with this email
    at C:\project\fast-backend\src\controllers\auth.controller.ts:21:23
    at processTicksAndRejections (node:internal/process/task_queues:105:5) 
2026-07-20 23:45:57 [INFO]: 🔍 Login attempt for: owner@pizzapalace.com 
2026-07-20 23:45:57 [INFO]: 👤 User found: Pizza Palace Owner (restaurant) 
2026-07-20 23:45:57 [WARN]: ❌ Login failed - Invalid password for: owner@pizzapalace.com 
2026-07-20 23:45:57 [ERROR]: ❌ Login error for owner@pizzapalace.com: Invalid credentials 
2026-07-20 23:45:57 [ERROR]: ❌ Error: Invalid credentials 
2026-07-20 23:45:57 [ERROR]: 📚 Stack: Error: Invalid credentials
    at C:\project\fast-backend\src\controllers\auth.controller.ts:101:23 
2026-07-20 23:46:00 [INFO]: 📡 SIGINT received. Closing server... 
2026-07-20 23:46:15 [INFO]: ✅ MongoDB Connected: ac-t3k8yee-shard-00-01.ig2b4pm.mongodb.net 
2026-07-20 23:46:15 [INFO]: 📊 Database: SadmanTest 
2026-07-20 23:46:15 [INFO]: ✅ Database connected successfully 
2026-07-20 23:46:15 [INFO]: 🚀 Server running on port 5000 
2026-07-20 23:46:15 [INFO]: 🌍 Environment: development 
2026-07-20 23:46:15 [INFO]: 🔗 API URL: http://localhost:5000/api 
2026-07-20 23:46:20 [INFO]: 🔍 Login attempt for: owner@pizzapalace.com 
2026-07-20 23:46:21 [INFO]: 👤 User found: Pizza Palace Owner (restaurant) 
2026-07-20 23:46:21 [WARN]: ❌ Login failed - Invalid password for: owner@pizzapalace.com 
2026-07-20 23:46:21 [ERROR]: ❌ Login error for owner@pizzapalace.com: Invalid credentials 
2026-07-20 23:46:21 [ERROR]: ❌ Error: Invalid credentials 
2026-07-20 23:46:21 [ERROR]: 📚 Stack: Error: Invalid credentials
    at C:\project\fast-backend\src\controllers\auth.controller.ts:101:23 
2026-07-20 23:49:04 [INFO]: ✅ MongoDB Connected: ac-t3k8yee-shard-00-00.ig2b4pm.mongodb.net 
2026-07-20 23:49:04 [INFO]: 📊 Database: SadmanTest 
2026-07-20 23:49:04 [INFO]: ✅ Database connected successfully 
2026-07-20 23:49:04 [INFO]: 🚀 Server running on port 5000 
2026-07-20 23:49:04 [INFO]: 🌍 Environment: development 
2026-07-20 23:49:04 [INFO]: 🔗 API URL: http://localhost:5000/api 
2026-07-20 23:49:43 [INFO]: ✅ MongoDB Connected: ac-t3k8yee-shard-00-01.ig2b4pm.mongodb.net 
2026-07-20 23:49:43 [INFO]: 📊 Database: SadmanTest 
2026-07-20 23:49:43 [INFO]: ✅ Database connected successfully 
2026-07-20 23:49:43 [INFO]: 🚀 Server running on port 5000 
2026-07-20 23:49:43 [INFO]: 🌍 Environment: development 
2026-07-20 23:49:43 [INFO]: 🔗 API URL: http://localhost:5000/api 
2026-07-20 23:51:39 [INFO]: ✅ MongoDB Connected: ac-t3k8yee-shard-00-02.ig2b4pm.mongodb.net 
2026-07-20 23:51:39 [INFO]: 📊 Database: SadmanTest 
2026-07-20 23:51:39 [INFO]: ✅ Database connected successfully 
2026-07-20 23:51:39 [INFO]: 🚀 Server running on port 5000 
2026-07-20 23:51:39 [INFO]: 🌍 Environment: development 
2026-07-20 23:51:39 [INFO]: 🔗 API URL: http://localhost:5000/api 
2026-07-20 23:51:44 [INFO]: 🔍 Login attempt for: owner@pizzapalace.com 
2026-07-20 23:51:44 [INFO]: 👤 User found: Pizza Palace Owner (restaurant) 
2026-07-20 23:51:44 [INFO]: 🔑 User ID: 6a5e5e291e8a4dd6f88c130a 
2026-07-20 23:51:44 [WARN]: ❌ Password comparison failed - passwords do not match 
2026-07-20 23:51:44 [WARN]: ❌ Login failed - Invalid password for: owner@pizzapalace.com 
2026-07-20 23:51:44 [ERROR]: ❌ Login error for owner@pizzapalace.com: Invalid credentials 
2026-07-20 23:51:44 [ERROR]: ❌ Error: Invalid credentials 
2026-07-20 23:51:44 [ERROR]: 📚 Stack: Error: Invalid credentials
    at C:\project\fast-backend\src\controllers\auth.controller.ts:150:23 
2026-07-20 23:51:54 [WARN]: Registration attempt with existing email: owner@pizzapalace.com 
2026-07-20 23:51:54 [ERROR]: ❌ Registration error for owner@pizzapalace.com: User already exists with this email Error: User already exists with this email
    at C:\project\fast-backend\src\controllers\auth.controller.ts:30:23
    at processTicksAndRejections (node:internal/process/task_queues:105:5)
2026-07-20 23:51:54 [ERROR]: ❌ Error: User already exists with this email 
2026-07-20 23:51:54 [ERROR]: 📚 Stack: Error: User already exists with this email
    at C:\project\fast-backend\src\controllers\auth.controller.ts:30:23
    at processTicksAndRejections (node:internal/process/task_queues:105:5) 
2026-07-20 23:52:15 [ERROR]: ❌ Registration error for sad@pizzapalace.com: Password validation failed: Password must contain at least one uppercase letter, Password must contain at least one special character Error: Password validation failed: Password must contain at least one uppercase letter, Password must contain at least one special character
    at C:\project\fast-backend\src\controllers\auth.controller.ts:36:23
    at processTicksAndRejections (node:internal/process/task_queues:105:5)
2026-07-20 23:52:15 [ERROR]: ❌ Error: Password validation failed: Password must contain at least one uppercase letter, Password must contain at least one special character 
2026-07-20 23:52:15 [ERROR]: 📚 Stack: Error: Password validation failed: Password must contain at least one uppercase letter, Password must contain at least one special character
    at C:\project\fast-backend\src\controllers\auth.controller.ts:36:23
    at processTicksAndRejections (node:internal/process/task_queues:105:5) 
2026-07-20 23:52:30 [ERROR]: ❌ Registration error for sad@pizzapalace.com: Password validation failed: Password must contain at least one special character Error: Password validation failed: Password must contain at least one special character
    at C:\project\fast-backend\src\controllers\auth.controller.ts:36:23
    at processTicksAndRejections (node:internal/process/task_queues:105:5)
2026-07-20 23:52:30 [ERROR]: ❌ Error: Password validation failed: Password must contain at least one special character 
2026-07-20 23:52:30 [ERROR]: 📚 Stack: Error: Password validation failed: Password must contain at least one special character
    at C:\project\fast-backend\src\controllers\auth.controller.ts:36:23
    at processTicksAndRejections (node:internal/process/task_queues:105:5) 
2026-07-20 23:52:48 [INFO]: 📡 SIGINT received. Closing server... 
2026-07-20 23:53:06 [INFO]: ✅ MongoDB Connected: ac-t3k8yee-shard-00-00.ig2b4pm.mongodb.net 
2026-07-20 23:53:06 [INFO]: 📊 Database: SadmanTest 
2026-07-20 23:53:06 [INFO]: ✅ Database connected successfully 
2026-07-20 23:53:06 [INFO]: 🚀 Server running on port 5000 
2026-07-20 23:53:06 [INFO]: 🌍 Environment: development 
2026-07-20 23:53:06 [INFO]: 🔗 API URL: http://localhost:5000/api 
2026-07-20 23:53:24 [INFO]: ✅ Password hashed successfully (length: 60) 
2026-07-20 23:53:24 [INFO]: ✅ Password comparison successful 
2026-07-20 23:53:25 [INFO]: ✅ User registered successfully: sad@pizzapalace.com (restaurant) 
2026-07-20 23:54:01 [INFO]: 🔍 Login attempt for: sad@pizzapalace.com 
2026-07-20 23:54:01 [INFO]: 👤 User found: Pizza Palace Owner (restaurant) 
2026-07-20 23:54:01 [INFO]: 🔑 User ID: 6a5e60941bd93675c6ab56f1 
2026-07-20 23:54:01 [WARN]: ❌ Password comparison failed - passwords do not match 
2026-07-20 23:54:01 [WARN]: ❌ Login failed - Invalid password for: sad@pizzapalace.com 
2026-07-20 23:54:01 [ERROR]: ❌ Login error for sad@pizzapalace.com: Invalid credentials 
2026-07-20 23:54:01 [ERROR]: ❌ Error: Invalid credentials 
2026-07-20 23:54:01 [ERROR]: 📚 Stack: Error: Invalid credentials
    at C:\project\fast-backend\src\controllers\auth.controller.ts:150:23 
2026-07-20 23:56:49 [INFO]: ✅ MongoDB Connected: ac-t3k8yee-shard-00-01.ig2b4pm.mongodb.net 
2026-07-20 23:56:49 [INFO]: 📊 Database: SadmanTest 
2026-07-20 23:56:49 [INFO]: ✅ Database connected successfully 
2026-07-20 23:56:49 [INFO]: 🚀 Server running on port 5000 
2026-07-20 23:56:49 [INFO]: 🌍 Environment: development 
2026-07-20 23:56:49 [INFO]: 🔗 API URL: http://localhost:5000/api 
2026-07-20 23:57:08 [INFO]: ✅ MongoDB Connected: ac-t3k8yee-shard-00-00.ig2b4pm.mongodb.net 
2026-07-20 23:57:08 [INFO]: 📊 Database: SadmanTest 
2026-07-20 23:57:08 [INFO]: ✅ Database connected successfully 
2026-07-20 23:57:08 [INFO]: 🚀 Server running on port 5000 
2026-07-20 23:57:08 [INFO]: 🌍 Environment: development 
2026-07-20 23:57:08 [INFO]: 🔗 API URL: http://localhost:5000/api 
2026-07-20 23:57:16 [INFO]: 🔍 Login attempt for: sad@pizzapalace.com 
2026-07-20 23:57:16 [INFO]: 👤 User found: Pizza Palace Owner (restaurant) 
2026-07-20 23:57:16 [INFO]: 🔑 User ID: 6a5e60941bd93675c6ab56f1 
2026-07-20 23:57:16 [WARN]: ❌ Password comparison failed - passwords do not match 
2026-07-20 23:57:16 [WARN]: ❌ Login failed - Invalid password for: sad@pizzapalace.com 
2026-07-20 23:57:16 [ERROR]: ❌ Login error for sad@pizzapalace.com: Invalid credentials 
2026-07-20 23:57:16 [ERROR]: ❌ Error: Invalid credentials 
2026-07-20 23:57:16 [ERROR]: 📚 Stack: Error: Invalid credentials
    at C:\project\fast-backend\src\controllers\auth.controller.ts:143:23 
2026-07-21 00:02:07 [INFO]: ✅ Password hashed successfully (length: 60) 
2026-07-21 00:02:07 [INFO]: ✅ Password comparison successful 
2026-07-21 00:02:08 [INFO]: ✅ User registered successfully: owner@pizzahut.com (restaurant) 
2026-07-21 00:02:24 [INFO]: 🔍 Login attempt for: owner@pizzahut.com 
2026-07-21 00:02:25 [INFO]: 👤 User found: Pizza Hut Owner (restaurant) 
2026-07-21 00:02:25 [INFO]: 🔑 User ID: 6a5e629f92f930490bebd4c5 
2026-07-21 00:02:25 [WARN]: ❌ Password comparison failed - passwords do not match 
2026-07-21 00:02:25 [WARN]: ❌ Login failed - Invalid password for: owner@pizzahut.com 
2026-07-21 00:02:25 [ERROR]: ❌ Login error for owner@pizzahut.com: Invalid credentials 
2026-07-21 00:02:25 [ERROR]: ❌ Error: Invalid credentials 
2026-07-21 00:02:25 [ERROR]: 📚 Stack: Error: Invalid credentials
    at C:\project\fast-backend\src\controllers\auth.controller.ts:143:23 
2026-07-21 00:08:15 [ERROR]: ❌ Error: You already have a restaurant 
2026-07-21 00:08:15 [ERROR]: 📚 Stack: Error: You already have a restaurant
    at C:\project\fast-backend\src\controllers\restaurant.controller.ts:119:13
    at processTicksAndRejections (node:internal/process/task_queues:105:5) 
2026-07-21 00:09:47 [INFO]: 🔍 Login attempt for: admin@fastfeast.com 
2026-07-21 00:09:47 [INFO]: 👤 User found: Super Admin (admin) 
2026-07-21 00:09:47 [INFO]: 🔑 User ID: 6a5e5c457b6477c756e3ae73 
2026-07-21 00:09:47 [INFO]: ✅ Password comparison successful 
2026-07-21 00:09:48 [INFO]: ✅ Login successful: admin@fastfeast.com (admin) 
2026-07-21 00:14:32 [INFO]: ✅ Restaurant verified: Pizza Palace (6a5e630092f930490bebd4ca) 
2026-07-21 00:15:47 [INFO]: ✅ Restaurant status updated: Pizza Palace -> active 
2026-07-21 00:18:36 [WARN]: Registration attempt with existing email: owner@pizzahut.com 
2026-07-21 00:18:36 [ERROR]: ❌ Registration error for owner@pizzahut.com: User already exists with this email Error: User already exists with this email
    at C:\project\fast-backend\src\controllers\auth.controller.ts:27:23
    at processTicksAndRejections (node:internal/process/task_queues:105:5)
2026-07-21 00:18:36 [ERROR]: ❌ Error: User already exists with this email 
2026-07-21 00:18:36 [ERROR]: 📚 Stack: Error: User already exists with this email
    at C:\project\fast-backend\src\controllers\auth.controller.ts:27:23
    at processTicksAndRejections (node:internal/process/task_queues:105:5) 
2026-07-21 00:18:53 [INFO]: 🔍 Login attempt for: owner@pizzahut.com 
2026-07-21 00:18:54 [INFO]: 👤 User found: Pizza Hut Owner (restaurant) 
2026-07-21 00:18:54 [INFO]: 🔑 User ID: 6a5e629f92f930490bebd4c5 
2026-07-21 00:18:54 [WARN]: ❌ Password comparison failed - passwords do not match 
2026-07-21 00:18:54 [WARN]: ❌ Login failed - Invalid password for: owner@pizzahut.com 
2026-07-21 00:18:54 [ERROR]: ❌ Login error for owner@pizzahut.com: Invalid credentials 
2026-07-21 00:18:54 [ERROR]: ❌ Error: Invalid credentials 
2026-07-21 00:18:54 [ERROR]: 📚 Stack: Error: Invalid credentials
    at C:\project\fast-backend\src\controllers\auth.controller.ts:143:23 
2026-07-21 00:19:32 [INFO]: 🔍 Login attempt for: owner@pizzahut.com 
2026-07-21 00:19:33 [INFO]: 👤 User found: Pizza Hut Owner (restaurant) 
2026-07-21 00:19:33 [INFO]: 🔑 User ID: 6a5e629f92f930490bebd4c5 
2026-07-21 00:19:33 [WARN]: ❌ Password comparison failed - passwords do not match 
2026-07-21 00:19:33 [WARN]: ❌ Login failed - Invalid password for: owner@pizzahut.com 
2026-07-21 00:19:33 [ERROR]: ❌ Login error for owner@pizzahut.com: Invalid credentials 
2026-07-21 00:19:33 [ERROR]: ❌ Error: Invalid credentials 
2026-07-21 00:19:33 [ERROR]: 📚 Stack: Error: Invalid credentials
    at C:\project\fast-backend\src\controllers\auth.controller.ts:143:23 
2026-07-21 00:22:46 [INFO]: ✅ MongoDB Connected: ac-t3k8yee-shard-00-02.ig2b4pm.mongodb.net 
2026-07-21 00:22:46 [INFO]: 📊 Database: SadmanTest 
2026-07-21 00:22:46 [INFO]: ✅ Database connected successfully 
2026-07-21 00:22:46 [INFO]: 🚀 Server running on port 5000 
2026-07-21 00:22:46 [INFO]: 🌍 Environment: development 
2026-07-21 00:22:46 [INFO]: 🔗 API URL: http://localhost:5000/api 
2026-07-21 00:23:12 [INFO]: 🔍 Login attempt for: owner@pizzahut.com 
2026-07-21 00:23:12 [INFO]: 👤 User found: Pizza Hut Owner (restaurant) 
2026-07-21 00:23:12 [INFO]: 🔑 User ID: 6a5e629f92f930490bebd4c5 
2026-07-21 00:23:12 [WARN]: ❌ Password comparison failed - passwords do not match 
2026-07-21 00:23:12 [WARN]: ❌ Login failed - Invalid password for: owner@pizzahut.com 
2026-07-21 00:23:12 [ERROR]: ❌ Login error for owner@pizzahut.com: Invalid credentials 
2026-07-21 00:23:12 [ERROR]: ❌ Error: Invalid credentials 
2026-07-21 00:23:12 [ERROR]: 📚 Stack: Error: Invalid credentials
    at C:\project\fast-backend\src\controllers\auth.controller.ts:143:23 
2026-07-21 00:25:38 [INFO]: ✅ User deleted: owner@pizzahut.com 
2026-07-21 00:26:01 [INFO]: ✅ Password hashed successfully (length: 60) 
2026-07-21 00:26:01 [INFO]: ✅ Password comparison successful 
2026-07-21 00:26:01 [INFO]: ✅ User registered successfully: owner@pizzahut.com (restaurant) 
2026-07-21 00:27:18 [ERROR]: ❌ Error: Not authorized to add menu items to this restaurant 
2026-07-21 00:27:18 [ERROR]: 📚 Stack: Error: Not authorized to add menu items to this restaurant
    at C:\project\fast-backend\src\controllers\menu.controller.ts:158:13
    at processTicksAndRejections (node:internal/process/task_queues:105:5) 
2026-07-21 00:28:45 [ERROR]: ❌ Error: Restaurant not found 
2026-07-21 00:28:45 [ERROR]: 📚 Stack: Error: Restaurant not found
    at C:\project\fast-backend\src\controllers\restaurant.controller.ts:81:13
    at processTicksAndRejections (node:internal/process/task_queues:105:5) 
2026-07-21 00:31:27 [INFO]: 📡 SIGINT received. Closing server... 
2026-07-21 00:31:41 [INFO]: ✅ MongoDB Connected: ac-t3k8yee-shard-00-00.ig2b4pm.mongodb.net 
2026-07-21 00:31:41 [INFO]: 📊 Database: SadmanTest 
2026-07-21 00:31:41 [INFO]: ✅ Database connected successfully 
2026-07-21 00:31:41 [INFO]: 🚀 Server running on port 5000 
2026-07-21 00:31:41 [INFO]: 🌍 Environment: development 
2026-07-21 00:31:41 [INFO]: 🔗 API URL: http://localhost:5000/api 
2026-07-21 00:32:26 [ERROR]: ❌ Error: You already have a restaurant 
2026-07-21 00:32:26 [ERROR]: 📚 Stack: Error: You already have a restaurant
    at C:\project\fast-backend\src\controllers\restaurant.controller.ts:119:13
    at processTicksAndRejections (node:internal/process/task_queues:105:5) 
2026-07-21 00:32:44 [ERROR]: ❌ Error: You already have a restaurant 
2026-07-21 00:32:44 [ERROR]: 📚 Stack: Error: You already have a restaurant
    at C:\project\fast-backend\src\controllers\restaurant.controller.ts:119:13
    at processTicksAndRejections (node:internal/process/task_queues:105:5) 
2026-07-21 00:33:03 [ERROR]: ❌ Error: You already have a restaurant 
2026-07-21 00:33:03 [ERROR]: 📚 Stack: Error: You already have a restaurant
    at C:\project\fast-backend\src\controllers\restaurant.controller.ts:119:13
    at processTicksAndRejections (node:internal/process/task_queues:105:5) 
2026-07-21 00:33:30 [ERROR]: ❌ Error: You already have a restaurant 
2026-07-21 00:33:30 [ERROR]: 📚 Stack: Error: You already have a restaurant
    at C:\project\fast-backend\src\controllers\restaurant.controller.ts:119:13
    at processTicksAndRejections (node:internal/process/task_queues:105:5) 
2026-07-21 00:35:11 [INFO]: 📡 SIGINT received. Closing server... 
2026-07-21 00:35:31 [INFO]: ✅ MongoDB Connected: ac-t3k8yee-shard-00-00.ig2b4pm.mongodb.net 
2026-07-21 00:35:31 [INFO]: 📊 Database: SadmanTest 
2026-07-21 00:35:31 [INFO]: ✅ Database connected successfully 
2026-07-21 00:35:31 [INFO]: 🚀 Server running on port 5000 
2026-07-21 00:35:31 [INFO]: 🌍 Environment: development 
2026-07-21 00:35:31 [INFO]: 🔗 API URL: http://localhost:5000/api 
2026-07-22 12:50:16 [INFO]: ✅ MongoDB Connected: ac-t3k8yee-shard-00-01.ig2b4pm.mongodb.net 
2026-07-22 12:50:16 [INFO]: 📊 Database: SadmanTest 
2026-07-22 12:50:16 [INFO]: ✅ Database connected successfully 
2026-07-22 12:50:16 [INFO]: 🚀 Server running on port 5000 
2026-07-22 12:50:16 [INFO]: 🌍 Environment: development 
2026-07-22 12:50:16 [INFO]: 🔗 API URL: http://localhost:5000/api 
2026-07-22 12:58:12 [WARN]: ⚠️ MongoDB disconnected 
2026-07-22 12:59:30 [INFO]: 🔄 MongoDB reconnected 
2026-07-22 13:00:21 [WARN]: ⚠️ MongoDB disconnected 
2026-07-22 13:00:32 [INFO]: 🔄 MongoDB reconnected 
2026-07-22 13:01:35 [WARN]: ⚠️ MongoDB disconnected 
2026-07-22 13:02:18 [INFO]: 🔄 MongoDB reconnected 
2026-07-22 13:02:46 [INFO]: 🔍 Login attempt for: rider@example.com 
2026-07-22 13:02:48 [WARN]: ❌ Login failed - User not found: rider@example.com 
2026-07-22 13:02:48 [ERROR]: ❌ Login error for rider@example.com: Invalid credentials 
2026-07-22 13:02:48 [ERROR]: ❌ Error: Invalid credentials 
2026-07-22 13:02:48 [ERROR]: 📚 Stack: Error: Invalid credentials
    at C:\project\fast-backend\src\controllers\auth.controller.ts:120:23
    at processTicksAndRejections (node:internal/process/task_queues:105:5) 
2026-07-22 13:06:49 [INFO]: ✅ MongoDB Connected: ac-t3k8yee-shard-00-01.ig2b4pm.mongodb.net 
2026-07-22 13:06:49 [INFO]: 📊 Database: SadmanTest 
2026-07-22 13:06:49 [INFO]: ✅ Database connected successfully 
2026-07-22 13:06:49 [INFO]: 🚀 Server running on port 5000 
2026-07-22 13:06:49 [INFO]: 🌍 Environment: development 
2026-07-22 13:06:49 [INFO]: 🔗 API URL: http://localhost:5000/api 
2026-07-22 13:09:55 [INFO]: ✅ MongoDB Connected: ac-t3k8yee-shard-00-02.ig2b4pm.mongodb.net 
2026-07-22 13:09:55 [INFO]: 📊 Database: SadmanTest 
2026-07-22 13:10:44 [INFO]: 🔍 Login attempt for: rider@example.com 
2026-07-22 13:10:44 [INFO]: 👤 User found: Rider Ahmed (rider) 
2026-07-22 13:10:44 [INFO]: 🔑 User ID: 6a606cc7280ff8258885203f 
2026-07-22 13:10:44 [WARN]: ❌ Password comparison failed - passwords do not match 
2026-07-22 13:10:44 [WARN]: ❌ Login failed - Invalid password for: rider@example.com 
2026-07-22 13:10:44 [ERROR]: ❌ Login error for rider@example.com: Invalid credentials 
2026-07-22 13:10:44 [ERROR]: ❌ Error: Invalid credentials 
2026-07-22 13:10:44 [ERROR]: 📚 Stack: Error: Invalid credentials
    at C:\project\fast-backend\src\controllers\auth.controller.ts:143:23 
2026-07-22 13:19:49 [WARN]: ⚠️ MongoDB disconnected 
2026-07-22 13:20:01 [INFO]: 🔄 MongoDB reconnected 
2026-07-22 13:43:40 [INFO]: ✅ MongoDB Connected: ac-t3k8yee-shard-00-02.ig2b4pm.mongodb.net 
2026-07-22 13:43:40 [INFO]: 📊 Database: SadmanTest 
2026-07-22 13:43:40 [INFO]: ✅ Database connected successfully 
2026-07-22 13:43:40 [INFO]: 🚀 Server running on port 5000 
2026-07-22 13:43:40 [INFO]: 🌍 Environment: development 
2026-07-22 13:43:40 [INFO]: 🔗 API URL: http://localhost:5000/api 
2026-07-22 13:43:41 [INFO]: ✅ MongoDB Connected: ac-t3k8yee-shard-00-00.ig2b4pm.mongodb.net 
2026-07-22 13:43:41 [INFO]: 📊 Database: SadmanTest 
2026-07-22 13:44:34 [INFO]: ✅ MongoDB Connected: ac-t3k8yee-shard-00-01.ig2b4pm.mongodb.net 
2026-07-22 13:44:34 [INFO]: 📊 Database: SadmanTest 
2026-07-22 13:44:34 [INFO]: ✅ Database connected successfully 
2026-07-22 13:44:34 [INFO]: 🚀 Server running on port 5000 
2026-07-22 13:44:34 [INFO]: 🌍 Environment: development 
2026-07-22 13:44:34 [INFO]: 🔗 API URL: http://localhost:5000/api 
2026-07-22 13:44:49 [INFO]: ✅ MongoDB Connected: ac-t3k8yee-shard-00-01.ig2b4pm.mongodb.net 
2026-07-22 13:44:49 [INFO]: 📊 Database: SadmanTest 
2026-07-22 13:44:49 [INFO]: ✅ Database connected successfully 
2026-07-22 13:44:49 [INFO]: 🚀 Server running on port 5000 
2026-07-22 13:44:49 [INFO]: 🌍 Environment: development 
2026-07-22 13:44:49 [INFO]: 🔗 API URL: http://localhost:5000/api 
2026-07-22 13:47:32 [INFO]: ✅ MongoDB Connected: ac-t3k8yee-shard-00-00.ig2b4pm.mongodb.net 
2026-07-22 13:47:32 [INFO]: 📊 Database: SadmanTest 
2026-07-22 13:47:32 [INFO]: ✅ Database connected successfully 
2026-07-22 13:47:32 [INFO]: 🚀 Server running on port 5000 
2026-07-22 13:47:32 [INFO]: 🌍 Environment: development 
2026-07-22 13:47:32 [INFO]: 🔗 API URL: http://localhost:5000/api 
2026-07-22 13:48:20 [INFO]: ✅ MongoDB Connected: ac-t3k8yee-shard-00-02.ig2b4pm.mongodb.net 
2026-07-22 13:48:20 [INFO]: 📊 Database: SadmanTest 
2026-07-22 13:48:20 [INFO]: 🗄️ Connected to database 
2026-07-22 13:48:27 [INFO]: ✅ Database cleared successfully! 
2026-07-22 13:48:40 [INFO]: ✅ MongoDB Connected: ac-t3k8yee-shard-00-01.ig2b4pm.mongodb.net 
2026-07-22 13:48:40 [INFO]: 📊 Database: SadmanTest 
2026-07-22 13:49:20 [INFO]: 🔍 Login attempt for: admin@fastfeast.com 
2026-07-22 13:49:21 [INFO]: 👤 User found: Super Admin (admin) 
2026-07-22 13:49:21 [INFO]: 🔑 User ID: 6a6075dadb26829231218882 
2026-07-22 13:49:21 [WARN]: ❌ Password comparison failed - passwords do not match 
2026-07-22 13:49:21 [WARN]: ❌ Login failed - Invalid password for: admin@fastfeast.com 
2026-07-22 13:49:21 [ERROR]: ❌ Login error for admin@fastfeast.com: Invalid credentials 
2026-07-22 13:49:21 [ERROR]: ❌ Error: Invalid credentials 
2026-07-22 13:49:21 [ERROR]: 📚 Stack: Error: Invalid credentials
    at C:\project\fast-backend\src\controllers\auth.controller.ts:143:23 
2026-07-22 13:49:28 [ERROR]: invalid signature JsonWebTokenError: invalid signature
    at C:\project\fast-backend\node_modules\jsonwebtoken\verify.js:171:19
    at getSecret (C:\project\fast-backend\node_modules\jsonwebtoken\verify.js:97:14)
    at Object.module.exports [as verify] (C:\project\fast-backend\node_modules\jsonwebtoken\verify.js:101:10)
    at authenticate (C:\project\fast-backend\src\middleware\auth.middleware.ts:38:25)
    at authMiddleware (C:\project\fast-backend\src\routes\auth.routes.ts:26:17)
    at Layer.handle [as handle_request] (C:\project\fast-backend\node_modules\express\lib\router\layer.js:95:5)
    at next (C:\project\fast-backend\node_modules\express\lib\router\route.js:149:13)
    at Route.dispatch (C:\project\fast-backend\node_modules\express\lib\router\route.js:119:3)
    at Layer.handle [as handle_request] (C:\project\fast-backend\node_modules\express\lib\router\layer.js:95:5)
    at C:\project\fast-backend\node_modules\express\lib\router\index.js:284:15
2026-07-22 13:49:49 [INFO]: 📡 SIGINT received. Closing server... 
2026-07-22 13:50:11 [INFO]: ✅ MongoDB Connected: ac-t3k8yee-shard-00-00.ig2b4pm.mongodb.net 
2026-07-22 13:50:11 [INFO]: 📊 Database: SadmanTest 
2026-07-22 13:50:11 [INFO]: ✅ Database connected successfully 
2026-07-22 13:50:11 [INFO]: 🚀 Server running on port 5000 
2026-07-22 13:50:11 [INFO]: 🌍 Environment: development 
2026-07-22 13:50:11 [INFO]: 🔗 API URL: http://localhost:5000/api 
2026-07-22 13:50:33 [INFO]: 🔍 Login attempt for: admin@fastfeast.com 
2026-07-22 13:50:33 [INFO]: 👤 User found: Super Admin (admin) 
2026-07-22 13:50:33 [INFO]: 🔑 User ID: 6a6075dadb26829231218882 
2026-07-22 13:50:33 [WARN]: ❌ Password comparison failed - passwords do not match 
2026-07-22 13:50:33 [WARN]: ❌ Login failed - Invalid password for: admin@fastfeast.com 
2026-07-22 13:50:33 [ERROR]: ❌ Login error for admin@fastfeast.com: Invalid credentials 
2026-07-22 13:50:33 [ERROR]: ❌ Error: Invalid credentials 
2026-07-22 13:50:33 [ERROR]: 📚 Stack: Error: Invalid credentials
    at C:\project\fast-backend\src\controllers\auth.controller.ts:143:23 
2026-07-22 13:51:38 [INFO]: 🔍 Login attempt for: admin@fastfeast.com 
2026-07-22 13:51:39 [INFO]: 👤 User found: Super Admin (admin) 
2026-07-22 13:51:39 [INFO]: 🔑 User ID: 6a6075dadb26829231218882 
2026-07-22 13:51:39 [WARN]: ❌ Password comparison failed - passwords do not match 
2026-07-22 13:51:39 [WARN]: ❌ Login failed - Invalid password for: admin@fastfeast.com 
2026-07-22 13:51:39 [ERROR]: ❌ Login error for admin@fastfeast.com: Invalid credentials 
2026-07-22 13:51:39 [ERROR]: ❌ Error: Invalid credentials 
2026-07-22 13:51:39 [ERROR]: 📚 Stack: Error: Invalid credentials
    at C:\project\fast-backend\src\controllers\auth.controller.ts:143:23 
2026-07-22 13:51:53 [INFO]: 🔍 Login attempt for: rider@example.com 
2026-07-22 13:51:53 [INFO]: 👤 User found: Rider Ahmed (rider) 
2026-07-22 13:51:53 [INFO]: 🔑 User ID: 6a6075dbdb2682923121888e 
2026-07-22 13:51:53 [WARN]: ❌ Password comparison failed - passwords do not match 
2026-07-22 13:51:53 [WARN]: ❌ Login failed - Invalid password for: rider@example.com 
2026-07-22 13:51:53 [ERROR]: ❌ Login error for rider@example.com: Invalid credentials 
2026-07-22 13:51:53 [ERROR]: ❌ Error: Invalid credentials 
2026-07-22 13:51:53 [ERROR]: 📚 Stack: Error: Invalid credentials
    at C:\project\fast-backend\src\controllers\auth.controller.ts:143:23 
2026-07-22 15:06:29 [INFO]: ✅ MongoDB Connected: ac-t3k8yee-shard-00-01.ig2b4pm.mongodb.net 
2026-07-22 15:06:29 [INFO]: 📊 Database: SadmanTest 
2026-07-22 15:06:29 [INFO]: ✅ Database connected successfully 
2026-07-22 15:06:29 [INFO]: 🚀 Server running on port 5000 
2026-07-22 15:06:29 [INFO]: 🌍 Environment: development 
2026-07-22 15:06:29 [INFO]: 🔗 API URL: http://localhost:5000/api 
2026-07-22 15:08:11 [INFO]: ✅ MongoDB Connected: ac-t3k8yee-shard-00-01.ig2b4pm.mongodb.net 
2026-07-22 15:08:11 [INFO]: 📊 Database: SadmanTest 
2026-07-22 15:08:11 [INFO]: ✅ Database connected successfully 
2026-07-22 15:08:11 [INFO]: 🚀 Server running on port 5000 
2026-07-22 15:08:11 [INFO]: 🌍 Environment: development 
2026-07-22 15:08:11 [INFO]: 🔗 API URL: http://localhost:5000/api 
2026-07-22 15:08:14 [INFO]: ✅ MongoDB Connected: ac-t3k8yee-shard-00-00.ig2b4pm.mongodb.net 
2026-07-22 15:08:14 [INFO]: 📊 Database: SadmanTest 
2026-07-22 15:08:14 [INFO]: 🗄️ Connected to database 
2026-07-22 15:08:20 [INFO]: ✅ Database cleared successfully! 
2026-07-22 15:08:34 [INFO]: ✅ MongoDB Connected: ac-t3k8yee-shard-00-00.ig2b4pm.mongodb.net 
2026-07-22 15:08:34 [INFO]: 📊 Database: SadmanTest 
2026-07-22 15:09:47 [INFO]: 🔍 Login attempt for: admin@fastfeast.com 
2026-07-22 15:09:48 [INFO]: 👤 User found: Super Admin (admin) 
2026-07-22 15:09:48 [INFO]: 🔑 User ID: 6a608895b6586a3b8e269e2a 
2026-07-22 15:09:48 [WARN]: ❌ Password comparison failed - passwords do not match 
2026-07-22 15:09:48 [WARN]: ❌ Login failed - Invalid password for: admin@fastfeast.com 
2026-07-22 15:09:48 [ERROR]: ❌ Login error for admin@fastfeast.com: Invalid credentials 
2026-07-22 15:09:48 [ERROR]: ❌ Error: Invalid credentials 
2026-07-22 15:09:48 [ERROR]: 📚 Stack: Error: Invalid credentials
    at C:\project\fast-backend\src\controllers\auth.controller.ts:143:23 
2026-07-22 15:13:17 [INFO]: ✅ MongoDB Connected: ac-t3k8yee-shard-00-01.ig2b4pm.mongodb.net 
2026-07-22 15:13:17 [INFO]: 📊 Database: SadmanTest 
2026-07-22 15:13:17 [INFO]: 🗄️ Connected to database 
2026-07-22 15:13:22 [INFO]: ✅ Database cleared successfully! 
2026-07-22 15:14:22 [INFO]: ✅ MongoDB Connected: ac-t3k8yee-shard-00-00.ig2b4pm.mongodb.net 
2026-07-22 15:14:22 [INFO]: 📊 Database: SadmanTest 
2026-07-22 15:16:13 [INFO]: ✅ MongoDB Connected: ac-t3k8yee-shard-00-02.ig2b4pm.mongodb.net 
2026-07-22 15:16:13 [INFO]: 📊 Database: SadmanTest 
2026-07-22 15:16:13 [INFO]: ✅ Database connected successfully 
2026-07-22 15:16:13 [INFO]: 🚀 Server running on port 5000 
2026-07-22 15:16:13 [INFO]: 🌍 Environment: development 
2026-07-22 15:16:13 [INFO]: 🔗 API URL: http://localhost:5000/api 
2026-07-22 15:16:36 [INFO]: 🔍 Login attempt for: admin@gmail.com 
2026-07-22 15:16:37 [INFO]: 👤 User found: Super Admin (admin) 
2026-07-22 15:16:37 [INFO]: 🔑 User ID: 6a6089f0c1693ab8ad9b6180 
2026-07-22 15:16:37 [WARN]: ❌ Password comparison failed - passwords do not match 
2026-07-22 15:16:37 [WARN]: ❌ Login failed - Invalid password for: admin@gmail.com 
2026-07-22 15:16:37 [ERROR]: ❌ Login error for admin@gmail.com: Invalid credentials 
2026-07-22 15:16:37 [ERROR]: ❌ Error: Invalid credentials 
2026-07-22 15:16:37 [ERROR]: 📚 Stack: Error: Invalid credentials
    at C:\project\fast-backend\src\controllers\auth.controller.ts:143:23 
2026-07-22 15:16:39 [INFO]: 🔍 Login attempt for: admin@gmail.com 
2026-07-22 15:16:40 [INFO]: 👤 User found: Super Admin (admin) 
2026-07-22 15:16:40 [INFO]: 🔑 User ID: 6a6089f0c1693ab8ad9b6180 
2026-07-22 15:16:40 [WARN]: ❌ Password comparison failed - passwords do not match 
2026-07-22 15:16:40 [WARN]: ❌ Login failed - Invalid password for: admin@gmail.com 
2026-07-22 15:16:40 [ERROR]: ❌ Login error for admin@gmail.com: Invalid credentials 
2026-07-22 15:16:40 [ERROR]: ❌ Error: Invalid credentials 
2026-07-22 15:16:40 [ERROR]: 📚 Stack: Error: Invalid credentials
    at C:\project\fast-backend\src\controllers\auth.controller.ts:143:23 
2026-07-22 15:20:47 [INFO]: ✅ MongoDB Connected: ac-t3k8yee-shard-00-01.ig2b4pm.mongodb.net 
2026-07-22 15:20:47 [INFO]: 📊 Database: SadmanTest 
2026-07-22 15:20:47 [INFO]: ✅ Database connected successfully 
2026-07-22 15:20:47 [INFO]: 🚀 Server running on port 5000 
2026-07-22 15:20:47 [INFO]: 🌍 Environment: development 
2026-07-22 15:20:47 [INFO]: 🔗 API URL: http://localhost:5000/api 
2026-07-22 15:23:41 [INFO]: ✅ MongoDB Connected: ac-t3k8yee-shard-00-02.ig2b4pm.mongodb.net 
2026-07-22 15:23:41 [INFO]: 📊 Database: SadmanTest 
2026-07-22 15:23:41 [INFO]: ✅ Database connected successfully 
2026-07-22 15:23:41 [INFO]: 🚀 Server running on port 5000 
2026-07-22 15:23:41 [INFO]: 🌍 Environment: development 
2026-07-22 15:23:41 [INFO]: 🔗 API URL: http://localhost:5000/api 
2026-07-22 15:23:59 [INFO]: ✅ MongoDB Connected: ac-t3k8yee-shard-00-02.ig2b4pm.mongodb.net 
2026-07-22 15:23:59 [INFO]: 📊 Database: SadmanTest 
2026-07-22 15:23:59 [INFO]: ✅ Database connected successfully 
2026-07-22 15:23:59 [INFO]: 🚀 Server running on port 5000 
2026-07-22 15:23:59 [INFO]: 🌍 Environment: development 
2026-07-22 15:23:59 [INFO]: 🔗 API URL: http://localhost:5000/api 
2026-07-22 15:24:27 [INFO]: ✅ MongoDB Connected: ac-t3k8yee-shard-00-02.ig2b4pm.mongodb.net 
2026-07-22 15:24:27 [INFO]: 📊 Database: SadmanTest 
2026-07-22 15:24:27 [INFO]: ✅ Database connected successfully 
2026-07-22 15:24:27 [INFO]: 🚀 Server running on port 5000 
2026-07-22 15:24:27 [INFO]: 🌍 Environment: development 
2026-07-22 15:24:27 [INFO]: 🔗 API URL: http://localhost:5000/api 
2026-07-22 15:24:31 [INFO]: ✅ MongoDB Connected: ac-t3k8yee-shard-00-00.ig2b4pm.mongodb.net 
2026-07-22 15:24:31 [INFO]: 📊 Database: SadmanTest 
2026-07-22 15:24:31 [INFO]: 🗄️ Connected to database 
2026-07-22 15:24:35 [INFO]: ✅ Database cleared successfully! 
2026-07-22 15:25:00 [INFO]: ✅ MongoDB Connected: ac-t3k8yee-shard-00-02.ig2b4pm.mongodb.net 
2026-07-22 15:25:00 [INFO]: 📊 Database: SadmanTest 
2026-07-22 15:25:35 [INFO]: 🔍 Login attempt for: admin@gmail.com 
2026-07-22 15:25:35 [INFO]: 👤 User found: Super Admin (admin) 
2026-07-22 15:25:35 [INFO]: 🔑 User ID: 6a608c6e5b57e0700265b339 
2026-07-22 15:25:35 [WARN]: ❌ Password did not match 
2026-07-22 15:25:35 [WARN]: ❌ Login failed - Invalid password for: admin@gmail.com 
2026-07-22 15:25:35 [ERROR]: ❌ Login error for admin@gmail.com: Invalid credentials 
2026-07-22 15:25:35 [ERROR]: ❌ Error: Invalid credentials 
2026-07-22 15:25:35 [ERROR]: 📚 Stack: Error: Invalid credentials
    at C:\project\fast-backend\src\controllers\auth.controller.ts:145:23 
2026-07-22 15:25:48 [INFO]: 📡 SIGINT received. Closing server... 
2026-07-22 15:26:07 [INFO]: ✅ MongoDB Connected: ac-t3k8yee-shard-00-00.ig2b4pm.mongodb.net 
2026-07-22 15:26:07 [INFO]: 📊 Database: SadmanTest 
2026-07-22 15:26:07 [INFO]: ✅ Database connected successfully 
2026-07-22 15:26:07 [INFO]: 🚀 Server running on port 5000 
2026-07-22 15:26:07 [INFO]: 🌍 Environment: development 
2026-07-22 15:26:07 [INFO]: 🔗 API URL: http://localhost:5000/api 
2026-07-22 15:26:19 [INFO]: 🔍 Login attempt for: admin@gmail.com 
2026-07-22 15:26:20 [INFO]: 👤 User found: Super Admin (admin) 
2026-07-22 15:26:20 [INFO]: 🔑 User ID: 6a608c6e5b57e0700265b339 
2026-07-22 15:26:20 [WARN]: ❌ Password did not match 
2026-07-22 15:26:20 [WARN]: ❌ Login failed - Invalid password for: admin@gmail.com 
2026-07-22 15:26:20 [ERROR]: ❌ Login error for admin@gmail.com: Invalid credentials 
2026-07-22 15:26:20 [ERROR]: ❌ Error: Invalid credentials 
2026-07-22 15:26:20 [ERROR]: 📚 Stack: Error: Invalid credentials
    at C:\project\fast-backend\src\controllers\auth.controller.ts:145:23 
2026-07-22 15:29:35 [INFO]: ✅ MongoDB Connected: ac-t3k8yee-shard-00-00.ig2b4pm.mongodb.net 
2026-07-22 15:29:35 [INFO]: 📊 Database: SadmanTest 
2026-07-22 15:29:35 [INFO]: ✅ Database connected successfully 
2026-07-22 15:29:35 [INFO]: 🚀 Server running on port 5000 
2026-07-22 15:29:35 [INFO]: 🌍 Environment: development 
2026-07-22 15:29:35 [INFO]: 🔗 API URL: http://localhost:5000/api 
2026-07-22 15:30:17 [INFO]: ✅ MongoDB Connected: ac-t3k8yee-shard-00-01.ig2b4pm.mongodb.net 
2026-07-22 15:30:17 [INFO]: 📊 Database: SadmanTest 
2026-07-22 15:30:17 [INFO]: ✅ Database connected successfully 
2026-07-22 15:30:17 [INFO]: 🚀 Server running on port 5000 
2026-07-22 15:30:17 [INFO]: 🌍 Environment: development 
2026-07-22 15:30:17 [INFO]: 🔗 API URL: http://localhost:5000/api 
2026-07-22 15:32:34 [INFO]: ✅ MongoDB Connected: ac-t3k8yee-shard-00-02.ig2b4pm.mongodb.net 
2026-07-22 15:32:34 [INFO]: 📊 Database: SadmanTest 
2026-07-22 15:32:34 [INFO]: ✅ Database connected successfully 
2026-07-22 15:32:34 [INFO]: 🚀 Server running on port 5000 
2026-07-22 15:32:34 [INFO]: 🌍 Environment: development 
2026-07-22 15:32:34 [INFO]: 🔗 API URL: http://localhost:5000/api 
2026-07-22 15:33:50 [INFO]: ✅ MongoDB Connected: ac-t3k8yee-shard-00-02.ig2b4pm.mongodb.net 
2026-07-22 15:33:50 [INFO]: 📊 Database: SadmanTest 
2026-07-22 15:33:50 [INFO]: ✅ Database connected successfully 
2026-07-22 15:33:50 [INFO]: 🚀 Server running on port 5000 
2026-07-22 15:33:50 [INFO]: 🌍 Environment: development 
2026-07-22 15:33:50 [INFO]: 🔗 API URL: http://localhost:5000/api 
2026-07-22 15:35:39 [INFO]: ✅ MongoDB Connected: ac-t3k8yee-shard-00-01.ig2b4pm.mongodb.net 
2026-07-22 15:35:39 [INFO]: 📊 Database: SadmanTest 
2026-07-22 15:35:39 [INFO]: ✅ Database connected successfully 
2026-07-22 15:35:40 [INFO]: 🚀 Server running on port 5000 
2026-07-22 15:35:40 [INFO]: 🌍 Environment: development 
2026-07-22 15:35:40 [INFO]: 🔗 API URL: http://localhost:5000/api 
2026-07-22 15:36:15 [INFO]: ✅ MongoDB Connected: ac-t3k8yee-shard-00-00.ig2b4pm.mongodb.net 
2026-07-22 15:36:15 [INFO]: 📊 Database: SadmanTest 
2026-07-22 15:36:31 [WARN]: ⚠️ MongoDB disconnected 
2026-07-22 15:37:50 [INFO]: 📡 SIGINT received. Closing server... 
2026-07-22 15:38:05 [INFO]: ✅ MongoDB Connected: ac-t3k8yee-shard-00-00.ig2b4pm.mongodb.net 
2026-07-22 15:38:05 [INFO]: 📊 Database: SadmanTest 
2026-07-22 15:38:05 [INFO]: ✅ Database connected successfully 
2026-07-22 15:38:05 [INFO]: 🚀 Server running on port 5000 
2026-07-22 15:38:05 [INFO]: 🌍 Environment: development 
2026-07-22 15:38:05 [INFO]: 🔗 API URL: http://localhost:5000/api 
2026-07-22 15:38:36 [INFO]: 🔍 Login attempt for: admin@gmail.com 
2026-07-22 15:38:37 [INFO]: 👤 User found: Super Admin (admin) 
2026-07-22 15:38:37 [INFO]: 🔑 User ID: 6a608f115af3d8375bf8c4db 
2026-07-22 15:38:37 [WARN]: ❌ Password did not match 
2026-07-22 15:38:37 [WARN]: ❌ Login failed - Invalid password for: admin@gmail.com 
2026-07-22 15:38:37 [ERROR]: ❌ Login error for admin@gmail.com: Invalid credentials 
2026-07-22 15:38:37 [ERROR]: ❌ Error: Invalid credentials 
2026-07-22 15:38:37 [ERROR]: 📚 Stack: Error: Invalid credentials
    at C:\project\fast-backend\src\controllers\auth.controller.ts:144:23 
2026-07-22 15:39:15 [INFO]: ✅ MongoDB Connected: ac-t3k8yee-shard-00-02.ig2b4pm.mongodb.net 
2026-07-22 15:39:15 [INFO]: 📊 Database: SadmanTest 
2026-07-22 15:39:15 [INFO]: ✅ Database connected successfully 
2026-07-22 15:39:15 [INFO]: 🚀 Server running on port 5000 
2026-07-22 15:39:15 [INFO]: 🌍 Environment: development 
2026-07-22 15:39:15 [INFO]: 🔗 API URL: http://localhost:5000/api 
2026-07-22 16:46:32 [ERROR]: Could not connect to any servers in your MongoDB Atlas cluster. One common reason is that you're trying to access the database from an IP that isn't whitelisted. Make sure your current IP address is on your Atlas cluster's IP whitelist: https://www.mongodb.com/docs/atlas/security-whitelist/ MongooseServerSelectionError: Could not connect to any servers in your MongoDB Atlas cluster. One common reason is that you're trying to access the database from an IP that isn't whitelisted. Make sure your current IP address is on your Atlas cluster's IP whitelist: https://www.mongodb.com/docs/atlas/security-whitelist/
    at _handleConnectionErrors (C:\project\fast-backend\node_modules\mongoose\lib\connection.js:816:11)
    at NativeConnection.openUri (C:\project\fast-backend\node_modules\mongoose\lib\connection.js:791:11)
    at processTicksAndRejections (node:internal/process/task_queues:105:5)
    at async connectDB (C:\project\fast-backend\src\config\database.ts:15:18)
    at async startServer (C:\project\fast-backend\src\server.ts:9:5)
2026-07-22 16:53:49 [INFO]: ✅ MongoDB Connected: ac-t3k8yee-shard-00-02.ig2b4pm.mongodb.net 
2026-07-22 16:53:49 [INFO]: 📊 Database: SadmanTest 
2026-07-22 16:53:49 [INFO]: ✅ Database connected successfully 
2026-07-22 16:53:49 [INFO]: 🚀 Server running on port 5000 
2026-07-22 16:53:49 [INFO]: 🌍 Environment: development 
2026-07-22 16:53:49 [INFO]: 🔗 API URL: http://localhost:5000/api 
2026-07-22 16:57:15 [INFO]: ✅ MongoDB Connected: ac-t3k8yee-shard-00-00.ig2b4pm.mongodb.net 
2026-07-22 16:57:15 [INFO]: 📊 Database: SadmanTest 
2026-07-22 16:57:15 [INFO]: ✅ Database connected successfully 
2026-07-22 16:57:15 [INFO]: 🚀 Server running on port 5000 
2026-07-22 16:57:15 [INFO]: 🌍 Environment: development 
2026-07-22 16:57:15 [INFO]: 🔗 API URL: http://localhost:5000/api 
2026-07-22 17:00:42 [INFO]: ✅ MongoDB Connected: ac-t3k8yee-shard-00-02.ig2b4pm.mongodb.net 
2026-07-22 17:00:42 [INFO]: 📊 Database: SadmanTest 
2026-07-22 17:00:42 [INFO]: ✅ Database connected successfully 
2026-07-22 17:00:42 [INFO]: 🚀 Server running on port 5000 
2026-07-22 17:00:42 [INFO]: 🌍 Environment: development 
2026-07-22 17:00:42 [INFO]: 🔗 API URL: http://localhost:5000/api 
2026-07-22 17:01:01 [INFO]: ✅ MongoDB Connected: ac-t3k8yee-shard-00-00.ig2b4pm.mongodb.net 
2026-07-22 17:01:01 [INFO]: 📊 Database: SadmanTest 
2026-07-22 17:01:01 [INFO]: ✅ Database connected successfully 
2026-07-22 17:01:01 [INFO]: 🚀 Server running on port 5000 
2026-07-22 17:01:01 [INFO]: 🌍 Environment: development 
2026-07-22 17:01:01 [INFO]: 🔗 API URL: http://localhost:5000/api 
2026-07-22 17:02:19 [INFO]: ✅ MongoDB Connected: ac-t3k8yee-shard-00-02.ig2b4pm.mongodb.net 
2026-07-22 17:02:19 [INFO]: 📊 Database: SadmanTest 
2026-07-22 17:02:19 [INFO]: ✅ Database connected successfully 
2026-07-22 17:02:19 [INFO]: 🚀 Server running on port 5000 
2026-07-22 17:02:19 [INFO]: 🌍 Environment: development 
2026-07-22 17:02:19 [INFO]: 🔗 API URL: http://localhost:5000/api 
2026-07-22 17:03:34 [INFO]: ✅ MongoDB Connected: ac-t3k8yee-shard-00-01.ig2b4pm.mongodb.net 
2026-07-22 17:03:34 [INFO]: 📊 Database: SadmanTest 
2026-07-22 17:03:48 [WARN]: ⚠️ MongoDB disconnected 
2026-07-22 17:07:26 [INFO]: ✅ MongoDB Connected: ac-t3k8yee-shard-00-00.ig2b4pm.mongodb.net 
2026-07-22 17:07:26 [INFO]: 📊 Database: SadmanTest 
2026-07-22 17:07:28 [INFO]: ✅ MongoDB Connected: ac-t3k8yee-shard-00-02.ig2b4pm.mongodb.net 
2026-07-22 17:07:28 [INFO]: 📊 Database: SadmanTest 
2026-07-22 17:07:28 [INFO]: ✅ Database connected successfully 
2026-07-22 17:07:28 [INFO]: 🚀 Server running on port 5000 
2026-07-22 17:07:28 [INFO]: 🌍 Environment: development 
2026-07-22 17:07:28 [INFO]: 🔗 API URL: http://localhost:5000/api 
2026-07-22 17:07:43 [WARN]: ⚠️ MongoDB disconnected 
2026-07-22 17:08:41 [INFO]: 🔍 Login attempt for: admin@gmail.com 
2026-07-22 17:08:41 [INFO]: 👤 User found: Super Admin (admin) 
2026-07-22 17:08:41 [INFO]: 🔑 User ID: 6a60a4703527eac202a4f7de 
2026-07-22 17:08:41 [WARN]: ❌ Login failed - Invalid password for: admin@gmail.com 
2026-07-22 17:08:41 [ERROR]: ❌ Login error for admin@gmail.com: Invalid credentials 
2026-07-22 17:08:41 [ERROR]: ❌ Error: Invalid credentials 
2026-07-22 17:08:41 [ERROR]: 📚 Stack: Error: Invalid credentials
    at C:\project\fast-backend\src\controllers\auth.controller.ts:124:23
    at processTicksAndRejections (node:internal/process/task_queues:105:5) 
2026-07-22 17:11:13 [INFO]: ✅ MongoDB Connected: ac-t3k8yee-shard-00-00.ig2b4pm.mongodb.net 
2026-07-22 17:11:13 [INFO]: 📊 Database: SadmanTest 
2026-07-22 17:11:13 [INFO]: ✅ Database connected successfully 
2026-07-22 17:11:13 [INFO]: 🚀 Server running on port 5000 
2026-07-22 17:11:13 [INFO]: 🌍 Environment: development 
2026-07-22 17:11:13 [INFO]: 🔗 API URL: http://localhost:5000/api 
2026-07-22 17:11:16 [INFO]: 🔍 Login attempt for: admin@gmail.com 
2026-07-22 17:11:18 [INFO]: 👤 User found: Super Admin (admin) 
2026-07-22 17:11:18 [INFO]: 🔑 User ID: 6a60a4703527eac202a4f7de 
2026-07-22 17:11:18 [WARN]: ❌ Login failed - Invalid password for: admin@gmail.com 
2026-07-22 17:11:18 [ERROR]: ❌ Login error for admin@gmail.com: Invalid credentials 
2026-07-22 17:11:18 [ERROR]: ❌ Error: Invalid credentials 
2026-07-22 17:11:18 [ERROR]: 📚 Stack: Error: Invalid credentials
    at C:\project\fast-backend\src\controllers\auth.controller.ts:124:23
    at processTicksAndRejections (node:internal/process/task_queues:105:5) 
2026-07-22 17:12:26 [INFO]: ✅ MongoDB Connected: ac-t3k8yee-shard-00-00.ig2b4pm.mongodb.net 
2026-07-22 17:12:26 [INFO]: 📊 Database: SadmanTest 
2026-07-22 17:12:26 [INFO]: ✅ Database connected successfully 
2026-07-22 17:12:26 [INFO]: 🚀 Server running on port 5000 
2026-07-22 17:12:26 [INFO]: 🌍 Environment: development 
2026-07-22 17:12:26 [INFO]: 🔗 API URL: http://localhost:5000/api 
2026-07-22 17:15:45 [INFO]: ✅ MongoDB Connected: ac-t3k8yee-shard-00-01.ig2b4pm.mongodb.net 
2026-07-22 17:15:45 [INFO]: 📊 Database: SadmanTest 
2026-07-22 17:15:45 [INFO]: ✅ Database connected successfully 
2026-07-22 17:15:45 [INFO]: 🚀 Server running on port 5000 
2026-07-22 17:15:45 [INFO]: 🌍 Environment: development 
2026-07-22 17:15:45 [INFO]: 🔗 API URL: http://localhost:5000/api 
2026-07-22 17:16:01 [INFO]: ✅ MongoDB Connected: ac-t3k8yee-shard-00-00.ig2b4pm.mongodb.net 
2026-07-22 17:16:01 [INFO]: 📊 Database: SadmanTest 
2026-07-22 17:16:01 [INFO]: ✅ Database connected successfully 
2026-07-22 17:16:01 [INFO]: 🚀 Server running on port 5000 
2026-07-22 17:16:01 [INFO]: 🌍 Environment: development 
2026-07-22 17:16:01 [INFO]: 🔗 API URL: http://localhost:5000/api 
2026-07-22 17:16:23 [INFO]: ✅ MongoDB Connected: ac-t3k8yee-shard-00-02.ig2b4pm.mongodb.net 
2026-07-22 17:16:23 [INFO]: 📊 Database: SadmanTest 
2026-07-22 17:16:37 [WARN]: ⚠️ MongoDB disconnected 
2026-07-22 17:16:52 [INFO]: 🔍 Login attempt for: admin@gmail.com 
2026-07-22 17:16:52 [INFO]: 👤 User found: Super Admin (admin) 
2026-07-22 17:16:52 [INFO]: 🔑 User ID: 6a60a68940897282d6f6bdda 
2026-07-22 17:16:52 [INFO]: ✅ Login successful: admin@gmail.com (admin) 
2026-07-22 17:17:13 [INFO]: 🔍 Login attempt for: rider@gmail.com 
2026-07-22 17:17:13 [INFO]: 👤 User found: Rider Ahmed (rider) 
2026-07-22 17:17:13 [INFO]: 🔑 User ID: 6a60a68a40897282d6f6bde5 
2026-07-22 17:17:13 [INFO]: ✅ Login successful: rider@gmail.com (rider) 
2026-07-22 17:17:33 [INFO]: 🔍 Login attempt for: customer@gmail.com 
2026-07-22 17:17:33 [INFO]: 👤 User found: John Doe (customer) 
2026-07-22 17:17:33 [INFO]: 🔑 User ID: 6a60a68b40897282d6f6bdef 
2026-07-22 17:17:34 [INFO]: ✅ Login successful: customer@gmail.com (customer) 
2026-07-22 17:17:50 [INFO]: 🔍 Login attempt for: moderator@gmail.com 
2026-07-22 17:17:50 [INFO]: 👤 User found: Content Moderator (moderator) 
2026-07-22 17:17:50 [INFO]: 🔑 User ID: 6a60a68c40897282d6f6bdf9 
2026-07-22 17:17:51 [INFO]: ✅ Login successful: moderator@gmail.com (moderator) 
2026-07-22 17:18:22 [INFO]: ✅ User registered successfully: owner@pizzahut.com (restaurant) 
2026-07-22 19:58:09 [INFO]: ✅ MongoDB Connected: ac-t3k8yee-shard-00-00.ig2b4pm.mongodb.net 
2026-07-22 19:58:09 [INFO]: 📊 Database: SadmanTest 
2026-07-22 19:58:09 [INFO]: ✅ Database connected successfully 
2026-07-22 19:58:09 [INFO]: 🚀 Server running on port 5000 
2026-07-22 19:58:09 [INFO]: 🌍 Environment: development 
2026-07-22 19:58:09 [INFO]: 🔗 API URL: http://localhost:5000/api 
2026-07-22 19:58:29 [INFO]: ✅ User registered successfully: korim@pizzahut.com (restaurant) 
2026-07-22 19:58:50 [INFO]: 🔍 Login attempt for: korim@pizzahut.com 
2026-07-22 19:58:50 [INFO]: 👤 User found: korim (restaurant) 
2026-07-22 19:58:50 [INFO]: 🔑 User ID: 6a60cc84536167489f39a601 
2026-07-22 19:58:50 [INFO]: ✅ Login successful: korim@pizzahut.com (restaurant) 
2026-07-22 19:58:58 [INFO]: 🔍 Login attempt for: korim@pizzahut.com 
2026-07-22 19:58:58 [INFO]: 👤 User found: korim (restaurant) 
2026-07-22 19:58:58 [INFO]: 🔑 User ID: 6a60cc84536167489f39a601 
2026-07-22 19:58:58 [WARN]: ❌ Login failed - Invalid password for: korim@pizzahut.com 
2026-07-22 19:58:58 [ERROR]: ❌ Login error for korim@pizzahut.com: Invalid credentials 
2026-07-22 19:58:58 [ERROR]: ❌ Error: Invalid credentials 
2026-07-22 19:58:58 [ERROR]: 📚 Stack: Error: Invalid credentials
    at C:\project\fast-backend\src\controllers\auth.controller.ts:124:23
    at processTicksAndRejections (node:internal/process/task_queues:105:5) 
2026-07-22 20:04:05 [INFO]: ✅ MongoDB Connected: ac-t3k8yee-shard-00-02.ig2b4pm.mongodb.net 
2026-07-22 20:04:05 [INFO]: 📊 Database: SadmanTest 
2026-07-22 20:04:05 [INFO]: ✅ Database connected successfully 
2026-07-22 20:04:05 [INFO]: 🚀 Server running on port 5000 
2026-07-22 20:04:05 [INFO]: 🌍 Environment: development 
2026-07-22 20:04:05 [INFO]: 🔗 API URL: http://localhost:5000/api 
2026-07-22 20:16:41 [ERROR]: ❌ Error: Route / not found 
2026-07-22 20:16:41 [ERROR]: 📚 Stack: Error: Route / not found
    at notFoundHandler (C:\project\fast-backend\src\middleware\error.middleware.ts:76:17)
    at Layer.handle [as handle_request] (C:\project\fast-backend\node_modules\express\lib\router\layer.js:95:5)
    at trim_prefix (C:\project\fast-backend\node_modules\express\lib\router\index.js:328:13)
    at C:\project\fast-backend\node_modules\express\lib\router\index.js:286:9
    at router.process_params (C:\project\fast-backend\node_modules\express\lib\router\index.js:346:12)
    at next (C:\project\fast-backend\node_modules\express\lib\router\index.js:280:10)
    at hpp (C:\project\fast-backend\node_modules\hpp\lib\index.js:146:9)
    at Layer.handle [as handle_request] (C:\project\fast-backend\node_modules\express\lib\router\layer.js:95:5)
    at trim_prefix (C:\project\fast-backend\node_modules\express\lib\router\index.js:328:13)
    at C:\project\fast-backend\node_modules\express\lib\router\index.js:286:9 
2026-07-22 20:18:05 [INFO]: ✅ MongoDB Connected: ac-t3k8yee-shard-00-01.ig2b4pm.mongodb.net 
2026-07-22 20:18:05 [INFO]: 📊 Database: SadmanTest 
2026-07-22 20:18:05 [INFO]: ✅ Database connected successfully 
2026-07-22 20:18:05 [INFO]: 🚀 Server running on port 5000 
2026-07-22 20:18:05 [INFO]: 🌍 Environment: development 
2026-07-22 20:18:05 [INFO]: 🔗 API URL: http://localhost:5000/api 
2026-07-22 20:18:21 [INFO]: 📡 SIGINT received. Closing server... 
2026-07-22 20:19:27 [INFO]: ✅ Server closed successfully 
