2026-07-20 16:56:12 [ERROR]: ❌ Error: Route /api not found 
2026-07-20 16:56:12 [ERROR]: 📚 Stack: Error: Route /api not found
    at notFoundHandler (C:\project\fast-backend\src\middleware\error.middleware.ts:70:17)
    at Layer.handle [as handle_request] (C:\project\fast-backend\node_modules\express\lib\router\layer.js:95:5)
    at trim_prefix (C:\project\fast-backend\node_modules\express\lib\router\index.js:328:13)
    at C:\project\fast-backend\node_modules\express\lib\router\index.js:286:9
    at router.process_params (C:\project\fast-backend\node_modules\express\lib\router\index.js:346:12)
    at next (C:\project\fast-backend\node_modules\express\lib\router\index.js:280:10)
    at C:\project\fast-backend\node_modules\express-rate-limit\dist\index.cjs:659:7
    at processTicksAndRejections (node:internal/process/task_queues:105:5)
    at async C:\project\fast-backend\node_modules\express-rate-limit\dist\index.cjs:576:5 
2026-07-20 16:56:13 [ERROR]: ❌ Error: Route /favicon.ico not found 
2026-07-20 16:56:13 [ERROR]: 📚 Stack: Error: Route /favicon.ico not found
    at notFoundHandler (C:\project\fast-backend\src\middleware\error.middleware.ts:70:17)
    at Layer.handle [as handle_request] (C:\project\fast-backend\node_modules\express\lib\router\layer.js:95:5)
    at trim_prefix (C:\project\fast-backend\node_modules\express\lib\router\index.js:328:13)
    at C:\project\fast-backend\node_modules\express\lib\router\index.js:286:9
    at router.process_params (C:\project\fast-backend\node_modules\express\lib\router\index.js:346:12)
    at next (C:\project\fast-backend\node_modules\express\lib\router\index.js:280:10)
    at hpp (C:\project\fast-backend\node_modules\hpp\lib\index.js:146:9)
    at Layer.handle [as handle_request] (C:\project\fast-backend\node_modules\express\lib\router\layer.js:95:5)
    at trim_prefix (C:\project\fast-backend\node_modules\express\lib\router\index.js:328:13)
    at C:\project\fast-backend\node_modules\express\lib\router\index.js:286:9 
2026-07-20 17:08:38 [ERROR]: ❌ Error: Invalid credentials 
2026-07-20 17:08:38 [ERROR]: 📚 Stack: Error: Invalid credentials
    at C:\project\fast-backend\src\controllers\auth.controller.ts:66:13 
2026-07-20 17:10:42 [ERROR]: ❌ Error: Invalid credentials 
2026-07-20 17:10:42 [ERROR]: 📚 Stack: Error: Invalid credentials
    at C:\project\fast-backend\src\controllers\auth.controller.ts:66:13 
2026-07-20 17:16:31 [ERROR]: ❌ Error: Invalid credentials 
2026-07-20 17:16:31 [ERROR]: 📚 Stack: Error: Invalid credentials
    at C:\project\fast-backend\src\controllers\auth.controller.ts:66:13 
2026-07-20 17:21:57 [ERROR]: ❌ Error: Invalid credentials 
2026-07-20 17:21:57 [ERROR]: 📚 Stack: Error: Invalid credentials
    at C:\project\fast-backend\src\controllers\auth.controller.ts:89:19 
2026-07-20 17:22:00 [ERROR]: ❌ Error: Invalid credentials 
2026-07-20 17:22:00 [ERROR]: 📚 Stack: Error: Invalid credentials
    at C:\project\fast-backend\src\controllers\auth.controller.ts:89:19 
2026-07-20 17:22:20 [ERROR]: ❌ Error: Invalid credentials 
2026-07-20 17:22:20 [ERROR]: 📚 Stack: Error: Invalid credentials
    at C:\project\fast-backend\src\controllers\auth.controller.ts:89:19 
2026-07-20 17:24:46 [ERROR]: ❌ Error: Invalid credentials 
2026-07-20 17:24:46 [ERROR]: 📚 Stack: Error: Invalid credentials
    at C:\project\fast-backend\src\controllers\auth.controller.ts:89:19 
2026-07-20 17:26:59 [ERROR]: ❌ Error: Invalid credentials 
2026-07-20 17:26:59 [ERROR]: 📚 Stack: Error: Invalid credentials
    at C:\project\fast-backend\src\controllers\auth.controller.ts:108:19 
2026-07-20 17:32:53 [ERROR]: ❌ Login error for admin@fastfeast.com: Invalid credentials 
2026-07-20 17:32:53 [ERROR]: ❌ Error: Invalid credentials 
2026-07-20 17:32:53 [ERROR]: 📚 Stack: Error: Invalid credentials
    at C:\project\fast-backend\src\controllers\auth.controller.ts:101:23 
2026-07-20 17:33:25 [ERROR]: ❌ Login error for admin@fastfeast.com: Invalid credentials 
2026-07-20 17:33:25 [ERROR]: ❌ Error: Invalid credentials 
2026-07-20 17:33:25 [ERROR]: 📚 Stack: Error: Invalid credentials
    at C:\project\fast-backend\src\controllers\auth.controller.ts:101:23 
2026-07-20 17:36:52 [ERROR]: ❌ Login error for admin@fastfeast.com: Invalid credentials 
2026-07-20 17:36:52 [ERROR]: ❌ Error: Invalid credentials 
2026-07-20 17:36:52 [ERROR]: 📚 Stack: Error: Invalid credentials
    at C:\project\fast-backend\src\controllers\auth.controller.ts:101:23 
2026-07-20 17:37:22 [ERROR]: ❌ Login error for admin@fastfeast.com: Invalid credentials 
2026-07-20 17:37:22 [ERROR]: ❌ Error: Invalid credentials 
2026-07-20 17:37:22 [ERROR]: 📚 Stack: Error: Invalid credentials
    at C:\project\fast-backend\src\controllers\auth.controller.ts:101:23 
2026-07-20 17:40:20 [ERROR]: ❌ Login error for admin@fastfeast.com: Invalid credentials 
2026-07-20 17:40:20 [ERROR]: ❌ Error: Invalid credentials 
2026-07-20 17:40:20 [ERROR]: 📚 Stack: Error: Invalid credentials
    at C:\project\fast-backend\src\controllers\auth.controller.ts:101:23 
2026-07-20 17:45:47 [ERROR]: ❌ Login error for sadmansakib34523@gmail.com: Invalid credentials 
2026-07-20 17:45:47 [ERROR]: ❌ Error: Invalid credentials 
2026-07-20 17:45:47 [ERROR]: 📚 Stack: Error: Invalid credentials
    at C:\project\fast-backend\src\controllers\auth.controller.ts:86:23
    at processTicksAndRejections (node:internal/process/task_queues:105:5) 
2026-07-20 19:48:58 [ERROR]: Server selection timed out after 5000 ms MongooseServerSelectionError: Server selection timed out after 5000 ms
    at _handleConnectionErrors (C:\project\fast-backend\node_modules\mongoose\lib\connection.js:816:11)
    at NativeConnection.openUri (C:\project\fast-backend\node_modules\mongoose\lib\connection.js:791:11)
    at processTicksAndRejections (node:internal/process/task_queues:105:5)
    at async connectDB (C:\project\fast-backend\src\config\database.ts:15:18)
    at async startServer (C:\project\fast-backend\src\server.ts:9:5)
2026-07-20 19:52:54 [ERROR]: ❌ Error: Route /favicon.ico not found 
2026-07-20 19:52:54 [ERROR]: 📚 Stack: Error: Route /favicon.ico not found
    at notFoundHandler (C:\project\fast-backend\src\middleware\error.middleware.ts:70:17)
    at Layer.handle [as handle_request] (C:\project\fast-backend\node_modules\express\lib\router\layer.js:95:5)
    at trim_prefix (C:\project\fast-backend\node_modules\express\lib\router\index.js:328:13)
    at C:\project\fast-backend\node_modules\express\lib\router\index.js:286:9
    at router.process_params (C:\project\fast-backend\node_modules\express\lib\router\index.js:346:12)
    at next (C:\project\fast-backend\node_modules\express\lib\router\index.js:280:10)
    at hpp (C:\project\fast-backend\node_modules\hpp\lib\index.js:146:9)
    at Layer.handle [as handle_request] (C:\project\fast-backend\node_modules\express\lib\router\layer.js:95:5)
    at trim_prefix (C:\project\fast-backend\node_modules\express\lib\router\index.js:328:13)
    at C:\project\fast-backend\node_modules\express\lib\router\index.js:286:9 
2026-07-20 21:56:48 [ERROR]: ❌ Error: Route /favicon.ico not found 
2026-07-20 21:56:48 [ERROR]: 📚 Stack: Error: Route /favicon.ico not found
    at notFoundHandler (C:\project\fast-backend\src\middleware\error.middleware.ts:70:17)
    at Layer.handle [as handle_request] (C:\project\fast-backend\node_modules\express\lib\router\layer.js:95:5)
    at trim_prefix (C:\project\fast-backend\node_modules\express\lib\router\index.js:328:13)
    at C:\project\fast-backend\node_modules\express\lib\router\index.js:286:9
    at router.process_params (C:\project\fast-backend\node_modules\express\lib\router\index.js:346:12)
    at next (C:\project\fast-backend\node_modules\express\lib\router\index.js:280:10)
    at hpp (C:\project\fast-backend\node_modules\hpp\lib\index.js:146:9)
    at Layer.handle [as handle_request] (C:\project\fast-backend\node_modules\express\lib\router\layer.js:95:5)
    at trim_prefix (C:\project\fast-backend\node_modules\express\lib\router\index.js:328:13)
    at C:\project\fast-backend\node_modules\express\lib\router\index.js:286:9 
2026-07-20 21:57:40 [ERROR]: ❌ Error: Route /favicon.ico not found 
2026-07-20 21:57:40 [ERROR]: 📚 Stack: Error: Route /favicon.ico not found
    at notFoundHandler (C:\project\fast-backend\src\middleware\error.middleware.ts:70:17)
    at Layer.handle [as handle_request] (C:\project\fast-backend\node_modules\express\lib\router\layer.js:95:5)
    at trim_prefix (C:\project\fast-backend\node_modules\express\lib\router\index.js:328:13)
    at C:\project\fast-backend\node_modules\express\lib\router\index.js:286:9
    at router.process_params (C:\project\fast-backend\node_modules\express\lib\router\index.js:346:12)
    at next (C:\project\fast-backend\node_modules\express\lib\router\index.js:280:10)
    at hpp (C:\project\fast-backend\node_modules\hpp\lib\index.js:146:9)
    at Layer.handle [as handle_request] (C:\project\fast-backend\node_modules\express\lib\router\layer.js:95:5)
    at trim_prefix (C:\project\fast-backend\node_modules\express\lib\router\index.js:328:13)
    at C:\project\fast-backend\node_modules\express\lib\router\index.js:286:9 
2026-07-20 22:00:07 [ERROR]: Could not connect to any servers in your MongoDB Atlas cluster. One common reason is that you're trying to access the database from an IP that isn't whitelisted. Make sure your current IP address is on your Atlas cluster's IP whitelist: https://www.mongodb.com/docs/atlas/security-whitelist/ MongooseServerSelectionError: Could not connect to any servers in your MongoDB Atlas cluster. One common reason is that you're trying to access the database from an IP that isn't whitelisted. Make sure your current IP address is on your Atlas cluster's IP whitelist: https://www.mongodb.com/docs/atlas/security-whitelist/
    at _handleConnectionErrors (C:\project\fast-backend\node_modules\mongoose\lib\connection.js:816:11)
    at NativeConnection.openUri (C:\project\fast-backend\node_modules\mongoose\lib\connection.js:791:11)
    at processTicksAndRejections (node:internal/process/task_queues:105:5)
    at async connectDB (C:\project\fast-backend\src\config\database.ts:15:18)
    at async startServer (C:\project\fast-backend\src\server.ts:9:5)
2026-07-20 22:10:37 [ERROR]: ❌ Login error for admin@fastfeast.com: Invalid credentials 
2026-07-20 22:10:37 [ERROR]: ❌ Error: Invalid credentials 
2026-07-20 22:10:37 [ERROR]: 📚 Stack: Error: Invalid credentials
    at C:\project\fast-backend\src\controllers\auth.controller.ts:101:23 
2026-07-20 22:18:40 [ERROR]: ❌ Error: Expected double-quoted property name in JSON at position 112 (line 6 column 1) 
2026-07-20 22:18:40 [ERROR]: 📚 Stack: SyntaxError: Expected double-quoted property name in JSON at position 112 (line 6 column 1)
    at JSON.parse (<anonymous>)
    at parse (C:\project\fast-backend\node_modules\body-parser\lib\types\json.js:96:19)
    at C:\project\fast-backend\node_modules\body-parser\lib\read.js:128:18
    at AsyncResource.runInAsyncScope (node:async_hooks:214:14)
    at invokeCallback (C:\project\fast-backend\node_modules\raw-body\index.js:238:16)
    at done (C:\project\fast-backend\node_modules\raw-body\index.js:227:7)
    at IncomingMessage.onEnd (C:\project\fast-backend\node_modules\raw-body\index.js:287:7)
    at IncomingMessage.emit (node:events:508:28)
    at IncomingMessage.emit (node:domain:489:12)
    at endReadableNT (node:internal/streams/readable:1701:12) 
2026-07-20 22:39:20 [ERROR]: ❌ Error: Expected double-quoted property name in JSON at position 25 (line 3 column 1) 
2026-07-20 22:39:20 [ERROR]: 📚 Stack: SyntaxError: Expected double-quoted property name in JSON at position 25 (line 3 column 1)
    at JSON.parse (<anonymous>)
    at parse (C:\project\fast-backend\node_modules\body-parser\lib\types\json.js:96:19)
    at C:\project\fast-backend\node_modules\body-parser\lib\read.js:128:18
    at AsyncResource.runInAsyncScope (node:async_hooks:214:14)
    at invokeCallback (C:\project\fast-backend\node_modules\raw-body\index.js:238:16)
    at done (C:\project\fast-backend\node_modules\raw-body\index.js:227:7)
    at IncomingMessage.onEnd (C:\project\fast-backend\node_modules\raw-body\index.js:287:7)
    at IncomingMessage.emit (node:events:508:28)
    at IncomingMessage.emit (node:domain:489:12)
    at endReadableNT (node:internal/streams/readable:1701:12) 
2026-07-20 22:58:20 [ERROR]: ❌ Error: Route /api/admin/restaurants/6a5e4a674480c0060ff3b396/verify not found 
2026-07-20 22:58:20 [ERROR]: 📚 Stack: Error: Route /api/admin/restaurants/6a5e4a674480c0060ff3b396/verify not found
    at notFoundHandler (C:\project\fast-backend\src\middleware\error.middleware.ts:76:17)
    at Layer.handle [as handle_request] (C:\project\fast-backend\node_modules\express\lib\router\layer.js:95:5)
    at trim_prefix (C:\project\fast-backend\node_modules\express\lib\router\index.js:328:13)
    at C:\project\fast-backend\node_modules\express\lib\router\index.js:286:9
    at router.process_params (C:\project\fast-backend\node_modules\express\lib\router\index.js:346:12)
    at next (C:\project\fast-backend\node_modules\express\lib\router\index.js:280:10)
    at C:\project\fast-backend\node_modules\express\lib\router\index.js:646:15
    at next (C:\project\fast-backend\node_modules\express\lib\router\index.js:265:14)
    at C:\project\fast-backend\src\middleware\auth.middleware.ts:104:5
    at adminMiddleware (C:\project\fast-backend\src\routes\admin.routes.ts:35:23) 
2026-07-20 23:22:47 [ERROR]: ❌ Error: Restaurant not found 
2026-07-20 23:22:47 [ERROR]: 📚 Stack: Error: Restaurant not found
    at C:\project\fast-backend\src\controllers\restaurant.controller.ts:81:13
    at processTicksAndRejections (node:internal/process/task_queues:105:5) 
2026-07-20 23:43:23 [ERROR]: ❌ Login error for owner@pizzapalace.com: Invalid credentials 
2026-07-20 23:43:23 [ERROR]: ❌ Error: Invalid credentials 
2026-07-20 23:43:23 [ERROR]: 📚 Stack: Error: Invalid credentials
    at C:\project\fast-backend\src\controllers\auth.controller.ts:101:23 
2026-07-20 23:45:26 [ERROR]: ❌ Login error for owner@pizzapalace.com: Invalid credentials 
2026-07-20 23:45:26 [ERROR]: ❌ Error: Invalid credentials 
2026-07-20 23:45:26 [ERROR]: 📚 Stack: Error: Invalid credentials
    at C:\project\fast-backend\src\controllers\auth.controller.ts:101:23 
2026-07-20 23:45:50 [ERROR]: ❌ Registration error for owner@pizzapalace.com: User already exists with this email Error: User already exists with this email
    at C:\project\fast-backend\src\controllers\auth.controller.ts:21:23
    at processTicksAndRejections (node:internal/process/task_queues:105:5)
2026-07-20 23:45:50 [ERROR]: ❌ Error: User already exists with this email 
2026-07-20 23:45:50 [ERROR]: 📚 Stack: Error: User already exists with this email
    at C:\project\fast-backend\src\controllers\auth.controller.ts:21:23
    at processTicksAndRejections (node:internal/process/task_queues:105:5) 
2026-07-20 23:45:57 [ERROR]: ❌ Login error for owner@pizzapalace.com: Invalid credentials 
2026-07-20 23:45:57 [ERROR]: ❌ Error: Invalid credentials 
2026-07-20 23:45:57 [ERROR]: 📚 Stack: Error: Invalid credentials
    at C:\project\fast-backend\src\controllers\auth.controller.ts:101:23 
2026-07-20 23:46:21 [ERROR]: ❌ Login error for owner@pizzapalace.com: Invalid credentials 
2026-07-20 23:46:21 [ERROR]: ❌ Error: Invalid credentials 
2026-07-20 23:46:21 [ERROR]: 📚 Stack: Error: Invalid credentials
    at C:\project\fast-backend\src\controllers\auth.controller.ts:101:23 
2026-07-20 23:51:44 [ERROR]: ❌ Login error for owner@pizzapalace.com: Invalid credentials 
2026-07-20 23:51:44 [ERROR]: ❌ Error: Invalid credentials 
2026-07-20 23:51:44 [ERROR]: 📚 Stack: Error: Invalid credentials
    at C:\project\fast-backend\src\controllers\auth.controller.ts:150:23 
2026-07-20 23:51:54 [ERROR]: ❌ Registration error for owner@pizzapalace.com: User already exists with this email Error: User already exists with this email
    at C:\project\fast-backend\src\controllers\auth.controller.ts:30:23
    at processTicksAndRejections (node:internal/process/task_queues:105:5)
2026-07-20 23:51:54 [ERROR]: ❌ Error: User already exists with this email 
2026-07-20 23:51:54 [ERROR]: 📚 Stack: Error: User already exists with this email
    at C:\project\fast-backend\src\controllers\auth.controller.ts:30:23
    at processTicksAndRejections (node:internal/process/task_queues:105:5) 
2026-07-20 23:52:15 [ERROR]: ❌ Registration error for sad@pizzapalace.com: Password validation failed: Password must contain at least one uppercase letter, Password must contain at least one special character Error: Password validation failed: Password must contain at least one uppercase letter, Password must contain at least one special character
    at C:\project\fast-backend\src\controllers\auth.controller.ts:36:23
    at processTicksAndRejections (node:internal/process/task_queues:105:5)
2026-07-20 23:52:15 [ERROR]: ❌ Error: Password validation failed: Password must contain at least one uppercase letter, Password must contain at least one special character 
2026-07-20 23:52:15 [ERROR]: 📚 Stack: Error: Password validation failed: Password must contain at least one uppercase letter, Password must contain at least one special character
    at C:\project\fast-backend\src\controllers\auth.controller.ts:36:23
    at processTicksAndRejections (node:internal/process/task_queues:105:5) 
2026-07-20 23:52:30 [ERROR]: ❌ Registration error for sad@pizzapalace.com: Password validation failed: Password must contain at least one special character Error: Password validation failed: Password must contain at least one special character
    at C:\project\fast-backend\src\controllers\auth.controller.ts:36:23
    at processTicksAndRejections (node:internal/process/task_queues:105:5)
2026-07-20 23:52:30 [ERROR]: ❌ Error: Password validation failed: Password must contain at least one special character 
2026-07-20 23:52:30 [ERROR]: 📚 Stack: Error: Password validation failed: Password must contain at least one special character
    at C:\project\fast-backend\src\controllers\auth.controller.ts:36:23
    at processTicksAndRejections (node:internal/process/task_queues:105:5) 
2026-07-20 23:54:01 [ERROR]: ❌ Login error for sad@pizzapalace.com: Invalid credentials 
2026-07-20 23:54:01 [ERROR]: ❌ Error: Invalid credentials 
2026-07-20 23:54:01 [ERROR]: 📚 Stack: Error: Invalid credentials
    at C:\project\fast-backend\src\controllers\auth.controller.ts:150:23 
2026-07-20 23:57:16 [ERROR]: ❌ Login error for sad@pizzapalace.com: Invalid credentials 
2026-07-20 23:57:16 [ERROR]: ❌ Error: Invalid credentials 
2026-07-20 23:57:16 [ERROR]: 📚 Stack: Error: Invalid credentials
    at C:\project\fast-backend\src\controllers\auth.controller.ts:143:23 
2026-07-21 00:02:25 [ERROR]: ❌ Login error for owner@pizzahut.com: Invalid credentials 
2026-07-21 00:02:25 [ERROR]: ❌ Error: Invalid credentials 
2026-07-21 00:02:25 [ERROR]: 📚 Stack: Error: Invalid credentials
    at C:\project\fast-backend\src\controllers\auth.controller.ts:143:23 
2026-07-21 00:08:15 [ERROR]: ❌ Error: You already have a restaurant 
2026-07-21 00:08:15 [ERROR]: 📚 Stack: Error: You already have a restaurant
    at C:\project\fast-backend\src\controllers\restaurant.controller.ts:119:13
    at processTicksAndRejections (node:internal/process/task_queues:105:5) 
2026-07-21 00:18:36 [ERROR]: ❌ Registration error for owner@pizzahut.com: User already exists with this email Error: User already exists with this email
    at C:\project\fast-backend\src\controllers\auth.controller.ts:27:23
    at processTicksAndRejections (node:internal/process/task_queues:105:5)
2026-07-21 00:18:36 [ERROR]: ❌ Error: User already exists with this email 
2026-07-21 00:18:36 [ERROR]: 📚 Stack: Error: User already exists with this email
    at C:\project\fast-backend\src\controllers\auth.controller.ts:27:23
    at processTicksAndRejections (node:internal/process/task_queues:105:5) 
2026-07-21 00:18:54 [ERROR]: ❌ Login error for owner@pizzahut.com: Invalid credentials 
2026-07-21 00:18:54 [ERROR]: ❌ Error: Invalid credentials 
2026-07-21 00:18:54 [ERROR]: 📚 Stack: Error: Invalid credentials
    at C:\project\fast-backend\src\controllers\auth.controller.ts:143:23 
2026-07-21 00:19:33 [ERROR]: ❌ Login error for owner@pizzahut.com: Invalid credentials 
2026-07-21 00:19:33 [ERROR]: ❌ Error: Invalid credentials 
2026-07-21 00:19:33 [ERROR]: 📚 Stack: Error: Invalid credentials
    at C:\project\fast-backend\src\controllers\auth.controller.ts:143:23 
2026-07-21 00:23:12 [ERROR]: ❌ Login error for owner@pizzahut.com: Invalid credentials 
2026-07-21 00:23:12 [ERROR]: ❌ Error: Invalid credentials 
2026-07-21 00:23:12 [ERROR]: 📚 Stack: Error: Invalid credentials
    at C:\project\fast-backend\src\controllers\auth.controller.ts:143:23 
2026-07-21 00:27:18 [ERROR]: ❌ Error: Not authorized to add menu items to this restaurant 
2026-07-21 00:27:18 [ERROR]: 📚 Stack: Error: Not authorized to add menu items to this restaurant
    at C:\project\fast-backend\src\controllers\menu.controller.ts:158:13
    at processTicksAndRejections (node:internal/process/task_queues:105:5) 
2026-07-21 00:28:45 [ERROR]: ❌ Error: Restaurant not found 
2026-07-21 00:28:45 [ERROR]: 📚 Stack: Error: Restaurant not found
    at C:\project\fast-backend\src\controllers\restaurant.controller.ts:81:13
    at processTicksAndRejections (node:internal/process/task_queues:105:5) 
2026-07-21 00:32:26 [ERROR]: ❌ Error: You already have a restaurant 
2026-07-21 00:32:26 [ERROR]: 📚 Stack: Error: You already have a restaurant
    at C:\project\fast-backend\src\controllers\restaurant.controller.ts:119:13
    at processTicksAndRejections (node:internal/process/task_queues:105:5) 
2026-07-21 00:32:44 [ERROR]: ❌ Error: You already have a restaurant 
2026-07-21 00:32:44 [ERROR]: 📚 Stack: Error: You already have a restaurant
    at C:\project\fast-backend\src\controllers\restaurant.controller.ts:119:13
    at processTicksAndRejections (node:internal/process/task_queues:105:5) 
2026-07-21 00:33:03 [ERROR]: ❌ Error: You already have a restaurant 
2026-07-21 00:33:03 [ERROR]: 📚 Stack: Error: You already have a restaurant
    at C:\project\fast-backend\src\controllers\restaurant.controller.ts:119:13
    at processTicksAndRejections (node:internal/process/task_queues:105:5) 
2026-07-21 00:33:30 [ERROR]: ❌ Error: You already have a restaurant 
2026-07-21 00:33:30 [ERROR]: 📚 Stack: Error: You already have a restaurant
    at C:\project\fast-backend\src\controllers\restaurant.controller.ts:119:13
    at processTicksAndRejections (node:internal/process/task_queues:105:5) 
2026-07-22 13:02:48 [ERROR]: ❌ Login error for rider@example.com: Invalid credentials 
2026-07-22 13:02:48 [ERROR]: ❌ Error: Invalid credentials 
2026-07-22 13:02:48 [ERROR]: 📚 Stack: Error: Invalid credentials
    at C:\project\fast-backend\src\controllers\auth.controller.ts:120:23
    at processTicksAndRejections (node:internal/process/task_queues:105:5) 
2026-07-22 13:10:44 [ERROR]: ❌ Login error for rider@example.com: Invalid credentials 
2026-07-22 13:10:44 [ERROR]: ❌ Error: Invalid credentials 
2026-07-22 13:10:44 [ERROR]: 📚 Stack: Error: Invalid credentials
    at C:\project\fast-backend\src\controllers\auth.controller.ts:143:23 
2026-07-22 13:49:21 [ERROR]: ❌ Login error for admin@fastfeast.com: Invalid credentials 
2026-07-22 13:49:21 [ERROR]: ❌ Error: Invalid credentials 
2026-07-22 13:49:21 [ERROR]: 📚 Stack: Error: Invalid credentials
    at C:\project\fast-backend\src\controllers\auth.controller.ts:143:23 
2026-07-22 13:49:28 [ERROR]: invalid signature JsonWebTokenError: invalid signature
    at C:\project\fast-backend\node_modules\jsonwebtoken\verify.js:171:19
    at getSecret (C:\project\fast-backend\node_modules\jsonwebtoken\verify.js:97:14)
    at Object.module.exports [as verify] (C:\project\fast-backend\node_modules\jsonwebtoken\verify.js:101:10)
    at authenticate (C:\project\fast-backend\src\middleware\auth.middleware.ts:38:25)
    at authMiddleware (C:\project\fast-backend\src\routes\auth.routes.ts:26:17)
    at Layer.handle [as handle_request] (C:\project\fast-backend\node_modules\express\lib\router\layer.js:95:5)
    at next (C:\project\fast-backend\node_modules\express\lib\router\route.js:149:13)
    at Route.dispatch (C:\project\fast-backend\node_modules\express\lib\router\route.js:119:3)
    at Layer.handle [as handle_request] (C:\project\fast-backend\node_modules\express\lib\router\layer.js:95:5)
    at C:\project\fast-backend\node_modules\express\lib\router\index.js:284:15
2026-07-22 13:50:33 [ERROR]: ❌ Login error for admin@fastfeast.com: Invalid credentials 
2026-07-22 13:50:33 [ERROR]: ❌ Error: Invalid credentials 
2026-07-22 13:50:33 [ERROR]: 📚 Stack: Error: Invalid credentials
    at C:\project\fast-backend\src\controllers\auth.controller.ts:143:23 
2026-07-22 13:51:39 [ERROR]: ❌ Login error for admin@fastfeast.com: Invalid credentials 
2026-07-22 13:51:39 [ERROR]: ❌ Error: Invalid credentials 
2026-07-22 13:51:39 [ERROR]: 📚 Stack: Error: Invalid credentials
    at C:\project\fast-backend\src\controllers\auth.controller.ts:143:23 
2026-07-22 13:51:53 [ERROR]: ❌ Login error for rider@example.com: Invalid credentials 
2026-07-22 13:51:53 [ERROR]: ❌ Error: Invalid credentials 
2026-07-22 13:51:53 [ERROR]: 📚 Stack: Error: Invalid credentials
    at C:\project\fast-backend\src\controllers\auth.controller.ts:143:23 
2026-07-22 15:09:48 [ERROR]: ❌ Login error for admin@fastfeast.com: Invalid credentials 
2026-07-22 15:09:48 [ERROR]: ❌ Error: Invalid credentials 
2026-07-22 15:09:48 [ERROR]: 📚 Stack: Error: Invalid credentials
    at C:\project\fast-backend\src\controllers\auth.controller.ts:143:23 
2026-07-22 15:16:37 [ERROR]: ❌ Login error for admin@gmail.com: Invalid credentials 
2026-07-22 15:16:37 [ERROR]: ❌ Error: Invalid credentials 
2026-07-22 15:16:37 [ERROR]: 📚 Stack: Error: Invalid credentials
    at C:\project\fast-backend\src\controllers\auth.controller.ts:143:23 
2026-07-22 15:16:40 [ERROR]: ❌ Login error for admin@gmail.com: Invalid credentials 
2026-07-22 15:16:40 [ERROR]: ❌ Error: Invalid credentials 
2026-07-22 15:16:40 [ERROR]: 📚 Stack: Error: Invalid credentials
    at C:\project\fast-backend\src\controllers\auth.controller.ts:143:23 
2026-07-22 15:25:35 [ERROR]: ❌ Login error for admin@gmail.com: Invalid credentials 
2026-07-22 15:25:35 [ERROR]: ❌ Error: Invalid credentials 
2026-07-22 15:25:35 [ERROR]: 📚 Stack: Error: Invalid credentials
    at C:\project\fast-backend\src\controllers\auth.controller.ts:145:23 
2026-07-22 15:26:20 [ERROR]: ❌ Login error for admin@gmail.com: Invalid credentials 
2026-07-22 15:26:20 [ERROR]: ❌ Error: Invalid credentials 
2026-07-22 15:26:20 [ERROR]: 📚 Stack: Error: Invalid credentials
    at C:\project\fast-backend\src\controllers\auth.controller.ts:145:23 
2026-07-22 15:38:37 [ERROR]: ❌ Login error for admin@gmail.com: Invalid credentials 
2026-07-22 15:38:37 [ERROR]: ❌ Error: Invalid credentials 
2026-07-22 15:38:37 [ERROR]: 📚 Stack: Error: Invalid credentials
    at C:\project\fast-backend\src\controllers\auth.controller.ts:144:23 
2026-07-22 16:46:32 [ERROR]: Could not connect to any servers in your MongoDB Atlas cluster. One common reason is that you're trying to access the database from an IP that isn't whitelisted. Make sure your current IP address is on your Atlas cluster's IP whitelist: https://www.mongodb.com/docs/atlas/security-whitelist/ MongooseServerSelectionError: Could not connect to any servers in your MongoDB Atlas cluster. One common reason is that you're trying to access the database from an IP that isn't whitelisted. Make sure your current IP address is on your Atlas cluster's IP whitelist: https://www.mongodb.com/docs/atlas/security-whitelist/
    at _handleConnectionErrors (C:\project\fast-backend\node_modules\mongoose\lib\connection.js:816:11)
    at NativeConnection.openUri (C:\project\fast-backend\node_modules\mongoose\lib\connection.js:791:11)
    at processTicksAndRejections (node:internal/process/task_queues:105:5)
    at async connectDB (C:\project\fast-backend\src\config\database.ts:15:18)
    at async startServer (C:\project\fast-backend\src\server.ts:9:5)
2026-07-22 17:08:41 [ERROR]: ❌ Login error for admin@gmail.com: Invalid credentials 
2026-07-22 17:08:41 [ERROR]: ❌ Error: Invalid credentials 
2026-07-22 17:08:41 [ERROR]: 📚 Stack: Error: Invalid credentials
    at C:\project\fast-backend\src\controllers\auth.controller.ts:124:23
    at processTicksAndRejections (node:internal/process/task_queues:105:5) 
2026-07-22 17:11:18 [ERROR]: ❌ Login error for admin@gmail.com: Invalid credentials 
2026-07-22 17:11:18 [ERROR]: ❌ Error: Invalid credentials 
2026-07-22 17:11:18 [ERROR]: 📚 Stack: Error: Invalid credentials
    at C:\project\fast-backend\src\controllers\auth.controller.ts:124:23
    at processTicksAndRejections (node:internal/process/task_queues:105:5) 
2026-07-22 19:58:58 [ERROR]: ❌ Login error for korim@pizzahut.com: Invalid credentials 
2026-07-22 19:58:58 [ERROR]: ❌ Error: Invalid credentials 
2026-07-22 19:58:58 [ERROR]: 📚 Stack: Error: Invalid credentials
    at C:\project\fast-backend\src\controllers\auth.controller.ts:124:23
    at processTicksAndRejections (node:internal/process/task_queues:105:5) 
2026-07-22 20:16:41 [ERROR]: ❌ Error: Route / not found 
2026-07-22 20:16:41 [ERROR]: 📚 Stack: Error: Route / not found
    at notFoundHandler (C:\project\fast-backend\src\middleware\error.middleware.ts:76:17)
    at Layer.handle [as handle_request] (C:\project\fast-backend\node_modules\express\lib\router\layer.js:95:5)
    at trim_prefix (C:\project\fast-backend\node_modules\express\lib\router\index.js:328:13)
    at C:\project\fast-backend\node_modules\express\lib\router\index.js:286:9
    at router.process_params (C:\project\fast-backend\node_modules\express\lib\router\index.js:346:12)
    at next (C:\project\fast-backend\node_modules\express\lib\router\index.js:280:10)
    at hpp (C:\project\fast-backend\node_modules\hpp\lib\index.js:146:9)
    at Layer.handle [as handle_request] (C:\project\fast-backend\node_modules\express\lib\router\layer.js:95:5)
    at trim_prefix (C:\project\fast-backend\node_modules\express\lib\router\index.js:328:13)
    at C:\project\fast-backend\node_modules\express\lib\router\index.js:286:9 
